Using pre-set license
Built from '2021.3/staging' branch; Version is '2021.3.8f1 (b30333d56e81) revision 11731763'; Using compiler version '192829333'; Build Type 'Release'
OS: 'Windows 10  (10.0.19043) 64bit Core' Language: 'ja' Physical Memory: 32698 MB
BatchMode: 1, IsHumanControllingUs: 0, StartBugReporterOnCrash: 0, Is64bit: 1, IsPro: 1

COMMAND LINE ARGUMENTS:
C:\Program Files\Unity\Hub\Editor\2021.3.8f1\Editor\Unity.exe
-adb2
-batchMode
-noUpm
-name
AssetImportWorker4
-projectPath
C:/Users/kawas/Desktop/uniba/otasuketai-game/My project
-logFile
Logs/AssetImportWorker4.log
-srvPort
51549
Successfully changed project path to: C:/Users/kawas/Desktop/uniba/otasuketai-game/My project
C:/Users/kawas/Desktop/uniba/otasuketai-game/My project
[UnityMemory] Configuration Parameters - Can be set up in boot.config
    "memorysetup-bucket-allocator-granularity=16"
    "memorysetup-bucket-allocator-bucket-count=8"
    "memorysetup-bucket-allocator-block-size=33554432"
    "memorysetup-bucket-allocator-block-count=8"
    "memorysetup-main-allocator-block-size=16777216"
    "memorysetup-thread-allocator-block-size=16777216"
    "memorysetup-gfx-main-allocator-block-size=16777216"
    "memorysetup-gfx-thread-allocator-block-size=16777216"
    "memorysetup-cache-allocator-block-size=4194304"
    "memorysetup-typetree-allocator-block-size=2097152"
    "memorysetup-profiler-bucket-allocator-granularity=16"
    "memorysetup-profiler-bucket-allocator-bucket-count=8"
    "memorysetup-profiler-bucket-allocator-block-size=33554432"
    "memorysetup-profiler-bucket-allocator-block-count=8"
    "memorysetup-profiler-allocator-block-size=16777216"
    "memorysetup-profiler-editor-allocator-block-size=1048576"
    "memorysetup-temp-allocator-size-main=16777216"
    "memorysetup-job-temp-allocator-block-size=2097152"
    "memorysetup-job-temp-allocator-block-size-background=1048576"
    "memorysetup-job-temp-allocator-reduction-small-platforms=262144"
    "memorysetup-temp-allocator-size-background-worker=32768"
    "memorysetup-temp-allocator-size-job-worker=262144"
    "memorysetup-temp-allocator-size-preload-manager=33554432"
    "memorysetup-temp-allocator-size-nav-mesh-worker=65536"
    "memorysetup-temp-allocator-size-audio-worker=65536"
    "memorysetup-temp-allocator-size-cloud-worker=32768"
    "memorysetup-temp-allocator-size-gi-baking-worker=262144"
    "memorysetup-temp-allocator-size-gfx=262144"
Refreshing native plugins compatible for Editor in 85.51 ms, found 3 plugins.
Preloading 0 native plugins for Editor in 0.00 ms.
Initialize engine version: 2021.3.8f1 (b30333d56e81)
[Subsystems] Discovering subsystems at path C:/Program Files/Unity/Hub/Editor/2021.3.8f1/Editor/Data/Resources/UnitySubsystems
[Subsystems] Discovering subsystems at path C:/Users/kawas/Desktop/uniba/otasuketai-game/My project/Assets
GfxDevice: creating device client; threaded=0; jobified=0
Direct3D:
    Version:  Direct3D 11.0 [level 11.1]
    Renderer: NVIDIA GeForce RTX 3070 (ID=0x2484)
    Vendor:   NVIDIA
    VRAM:     8043 MB
    Driver:   30.0.15.1215
Initialize mono
Mono path[0] = 'C:/Program Files/Unity/Hub/Editor/2021.3.8f1/Editor/Data/Managed'
Mono path[1] = 'C:/Program Files/Unity/Hub/Editor/2021.3.8f1/Editor/Data/MonoBleedingEdge/lib/mono/unityjit-win32'
Mono config path = 'C:/Program Files/Unity/Hub/Editor/2021.3.8f1/Editor/Data/MonoBleedingEdge/etc'
Using monoOptions --debugger-agent=transport=dt_socket,embedding=1,server=y,suspend=n,address=127.0.0.1:56580
Begin MonoManager ReloadAssembly
Registering precompiled unity dll's ...
Register platform support module: C:/Program Files/Unity/Hub/Editor/2021.3.8f1/Editor/Data/PlaybackEngines/WebGLSupport/UnityEditor.WebGL.Extensions.dll
Register platform support module: C:/Program Files/Unity/Hub/Editor/2021.3.8f1/Editor/Data/PlaybackEngines/MacStandaloneSupport/UnityEditor.OSXStandalone.Extensions.dll
Register platform support module: C:/Program Files/Unity/Hub/Editor/2021.3.8f1/Editor/Data/PlaybackEngines/WindowsStandaloneSupport/UnityEditor.WindowsStandalone.Extensions.dll
Registered in 0.009581 seconds.
Native extension for WindowsStandalone target not found
Native extension for OSXStandalone target not found
Native extension for WebGL target not found
Refreshing native plugins compatible for Editor in 75.75 ms, found 3 plugins.
Preloading 0 native plugins for Editor in 0.00 ms.
Mono: successfully reloaded assembly
- Completed reload, in  0.586 seconds
Domain Reload Profiling:
	ReloadAssembly (586ms)
		BeginReloadAssembly (74ms)
			ExecutionOrderSort (0ms)
			DisableScriptedObjects (0ms)
			BackupInstance (0ms)
			ReleaseScriptingObjects (0ms)
			CreateAndSetChildDomain (1ms)
		EndReloadAssembly (406ms)
			LoadAssemblies (72ms)
			RebuildTransferFunctionScriptingTraits (0ms)
			SetupTypeCache (96ms)
			ReleaseScriptCaches (0ms)
			RebuildScriptCaches (25ms)
			SetupLoadedEditorAssemblies (237ms)
				LogAssemblyErrors (0ms)
				InitializePlatformSupportModulesInManaged (12ms)
				SetLoadedEditorAssemblies (0ms)
				RefreshPlugins (76ms)
				BeforeProcessingInitializeOnLoad (1ms)
				ProcessInitializeOnLoadAttributes (105ms)
				ProcessInitializeOnLoadMethodAttributes (42ms)
				AfterProcessingInitializeOnLoad (0ms)
				EditorAssembliesLoaded (0ms)
			ExecutionOrderSort2 (0ms)
			AwakeInstancesAfterBackupRestoration (0ms)
Platform modules already initialized, skipping
Registering precompiled user dll's ...
Registered in 0.006886 seconds.
Begin MonoManager ReloadAssembly
Symbol file LoadedFromMemory doesn't match image C:\Users\kawas\Desktop\uniba\otasuketai-game\My project\Library\PackageCache\com.unity.visualscripting@1.7.8\Editor\VisualScripting.Core\Dependencies\YamlDotNet\Unity.VisualScripting.YamlDotNet.dll
Symbol file LoadedFromMemory doesn't match image C:\Users\kawas\Desktop\uniba\otasuketai-game\My project\Library\PackageCache\com.unity.visualscripting@1.7.8\Editor\VisualScripting.Core\Dependencies\DotNetZip\Unity.VisualScripting.IonicZip.dll
Native extension for WindowsStandalone target not found
Native extension for OSXStandalone target not found
Native extension for WebGL target not found
Refreshing native plugins compatible for Editor in 0.45 ms, found 3 plugins.
Preloading 0 native plugins for Editor in 0.00 ms.
Mono: successfully reloaded assembly
- Completed reload, in  0.901 seconds
Domain Reload Profiling:
	ReloadAssembly (902ms)
		BeginReloadAssembly (105ms)
			ExecutionOrderSort (0ms)
			DisableScriptedObjects (5ms)
			BackupInstance (0ms)
			ReleaseScriptingObjects (0ms)
			CreateAndSetChildDomain (18ms)
		EndReloadAssembly (691ms)
			LoadAssemblies (83ms)
			RebuildTransferFunctionScriptingTraits (0ms)
			SetupTypeCache (225ms)
			ReleaseScriptCaches (1ms)
			RebuildScriptCaches (41ms)
			SetupLoadedEditorAssemblies (313ms)
				LogAssemblyErrors (0ms)
				InitializePlatformSupportModulesInManaged (9ms)
				SetLoadedEditorAssemblies (0ms)
				RefreshPlugins (0ms)
				BeforeProcessingInitializeOnLoad (85ms)
				ProcessInitializeOnLoadAttributes (185ms)
				ProcessInitializeOnLoadMethodAttributes (24ms)
				AfterProcessingInitializeOnLoad (10ms)
				EditorAssembliesLoaded (0ms)
			ExecutionOrderSort2 (0ms)
			AwakeInstancesAfterBackupRestoration (8ms)
Platform modules already initialized, skipping
========================================================================
Worker process is ready to serve import requests
Launched and connected shader compiler UnityShaderCompiler.exe after 0.05 seconds
Refreshing native plugins compatible for Editor in 0.96 ms, found 3 plugins.
Preloading 0 native plugins for Editor in 0.00 ms.
Unloading 3377 Unused Serialized files (Serialized files now loaded: 0)
Unloading 27 unused Assets / (111.1 KB). Loaded Objects now: 3834.
Memory consumption went from 120.7 MB to 120.6 MB.
Total: 2.903800 ms (FindLiveObjects: 0.318400 ms CreateObjectMapping: 0.099700 ms MarkObjects: 2.393700 ms  DeleteObjects: 0.091200 ms)

AssetImportParameters requested are different than current active one (requested -> active):
  custom:video-decoder-ogg-theora: a1e56fd34408186e4bbccfd4996cb3dc -> 
  custom:container-muxer-webm: aa71ff27fc2769a1b78a27578f13a17b -> 
  custom:container-demuxer-webm: 4f35f7cbe854078d1ac9338744f61a02 -> 
  custom:video-encoder-webm-vp8: eb34c28f22e8b96e1ab97ce403110664 -> 
  custom:video-codec-MediaFoundation-h265: 746d11721c4dcdbdad8f713fa42b33f4 -> 
  custom:audio-encoder-webm-vorbis: bf7c407c2cedff20999df2af8eb42d56 -> 
  custom:framework-win-MediaFoundation: 216162199b28c13a410421893ffa2e32 -> 
  custom:container-demuxer-ogg: 62fdf1f143b41e24485cea50d1cbac27 -> 
  custom:video-decoder-webm-vp8: 9c59270c3fd7afecdb556c50c9e8de78 -> 
  custom:audio-decoder-ogg-vorbis: bf7c407c2cedff20999df2af8eb42d56 -> 
========================================================================
Received Import Request.
  Time since last request: 1089252.573966 seconds.
  path: Assets/Materials
  artifactKey: Guid(23c1c6c08d81be14391466c9faef5ec5) Importer(815301076,1909f56bfc062723c751e8b465ee728b)
Start importing Assets/Materials using Guid(23c1c6c08d81be14391466c9faef5ec5) Importer(815301076,1909f56bfc062723c751e8b465ee728b)  -> (artifact id: 'f85159a68a197e96831a41e8c93c035e') in 0.010578 seconds 
========================================================================
Received Import Request.
  Time since last request: 19.282783 seconds.
  path: Assets/Materials/Yellow.mat
  artifactKey: Guid(df56b4eff9c9f4543a9938b9e17825eb) Importer(815301076,1909f56bfc062723c751e8b465ee728b)
Start importing Assets/Materials/Yellow.mat using Guid(df56b4eff9c9f4543a9938b9e17825eb) Importer(815301076,1909f56bfc062723c751e8b465ee728b)  -> (artifact id: '84c1fc334b178224650d2c9ce715f9d4') in 0.177606 seconds 
========================================================================
Received Import Request.
  Time since last request: 40.590108 seconds.
  path: Assets/Materials/Red.mat
  artifactKey: Guid(cfd73e3c8d45d7145ae6dac68e7a6b14) Importer(815301076,1909f56bfc062723c751e8b465ee728b)
Start importing Assets/Materials/Red.mat using Guid(cfd73e3c8d45d7145ae6dac68e7a6b14) Importer(815301076,1909f56bfc062723c751e8b465ee728b)  -> (artifact id: 'a70f1e915ccf2331c7f6d5af59146218') in 0.011756 seconds 
========================================================================
Received Import Request.
  Time since last request: 64.771353 seconds.
  path: Assets/Prefabs/Plane0 1.prefab
  artifactKey: Guid(618d091159ee3ff4ca4af32122c30c69) Importer(815301076,1909f56bfc062723c751e8b465ee728b)
Start importing Assets/Prefabs/Plane0 1.prefab using Guid(618d091159ee3ff4ca4af32122c30c69) Importer(815301076,1909f56bfc062723c751e8b465ee728b)  -> (artifact id: '90d2c679a3ca6e5d3d9fd03d10efbc5a') in 0.032738 seconds 
========================================================================
Received Import Request.
  Time since last request: 0.000033 seconds.
  path: Assets/Prefabs/Plane2 1.prefab
  artifactKey: Guid(f683411430c0b72468c906e28f86925f) Importer(815301076,1909f56bfc062723c751e8b465ee728b)
Start importing Assets/Prefabs/Plane2 1.prefab using Guid(f683411430c0b72468c906e28f86925f) Importer(815301076,1909f56bfc062723c751e8b465ee728b)  -> (artifact id: 'a92c9191fda839778902892b5a1471f9') in 0.013655 seconds 
========================================================================
Received Import Request.
  Time since last request: 0.001813 seconds.
  path: Assets/Prefabs/Plane7 1.prefab
  artifactKey: Guid(d7febaf36c9463844bad79d74d12167d) Importer(815301076,1909f56bfc062723c751e8b465ee728b)
Start importing Assets/Prefabs/Plane7 1.prefab using Guid(d7febaf36c9463844bad79d74d12167d) Importer(815301076,1909f56bfc062723c751e8b465ee728b)  -> (artifact id: '1871328d1757a0c3f10350c84a0eafc2') in 0.013732 seconds 
========================================================================
Received Import Request.
  Time since last request: 0.000031 seconds.
  path: Assets/Prefabs/Plane5 1.prefab
  artifactKey: Guid(d231c1e29b09e9c4787c9ac784a6b7ae) Importer(815301076,1909f56bfc062723c751e8b465ee728b)
Start importing Assets/Prefabs/Plane5 1.prefab using Guid(d231c1e29b09e9c4787c9ac784a6b7ae) Importer(815301076,1909f56bfc062723c751e8b465ee728b)  -> (artifact id: '821d0fec08b0f9f045acffd48ace9113') in 0.014999 seconds 
========================================================================
Received Import Request.
  Time since last request: 0.000039 seconds.
  path: Assets/Prefabs/Plane4 1.prefab
  artifactKey: Guid(5d420f3536ce74e49b1f074d4684606b) Importer(815301076,1909f56bfc062723c751e8b465ee728b)
Start importing Assets/Prefabs/Plane4 1.prefab using Guid(5d420f3536ce74e49b1f074d4684606b) Importer(815301076,1909f56bfc062723c751e8b465ee728b)  -> (artifact id: '0d9ad4e873f68e833f4501ee89111e7f') in 0.011892 seconds 
========================================================================
Received Import Request.
  Time since last request: 0.000027 seconds.
  path: Assets/Prefabs/Plane8 1.prefab
  artifactKey: Guid(aab87ead27ea7804098352a47f1b591f) Importer(815301076,1909f56bfc062723c751e8b465ee728b)
Start importing Assets/Prefabs/Plane8 1.prefab using Guid(aab87ead27ea7804098352a47f1b591f) Importer(815301076,1909f56bfc062723c751e8b465ee728b)  -> (artifact id: '15df3a94e2e7ae69b3154524c6466417') in 0.012738 seconds 
========================================================================
Received Import Request.
  Time since last request: 0.000020 seconds.
  path: Assets/Prefabs/Plane6 1.prefab
  artifactKey: Guid(0a75a57c2e975374790b4e7c1510bb4c) Importer(815301076,1909f56bfc062723c751e8b465ee728b)
Start importing Assets/Prefabs/Plane6 1.prefab using Guid(0a75a57c2e975374790b4e7c1510bb4c) Importer(815301076,1909f56bfc062723c751e8b465ee728b)  -> (artifact id: 'b47f51b5bf98d7d88208ed6c11483e78') in 0.011350 seconds 
========================================================================
Received Import Request.
  Time since last request: 0.000030 seconds.
  path: Assets/Prefabs/Plane9 1.prefab
  artifactKey: Guid(66c73073048863049808a62012da0ccc) Importer(815301076,1909f56bfc062723c751e8b465ee728b)
Start importing Assets/Prefabs/Plane9 1.prefab using Guid(66c73073048863049808a62012da0ccc) Importer(815301076,1909f56bfc062723c751e8b465ee728b)  -> (artifact id: '7f17c55f88dca4fb7b96543f8b0f357e') in 0.012114 seconds 
========================================================================
Received Import Request.
  Time since last request: 0.000025 seconds.
  path: Assets/Prefabs/Plane3 1.prefab
  artifactKey: Guid(4150e0b966ed52c4292cbb6dc7be5ab6) Importer(815301076,1909f56bfc062723c751e8b465ee728b)
Start importing Assets/Prefabs/Plane3 1.prefab using Guid(4150e0b966ed52c4292cbb6dc7be5ab6) Importer(815301076,1909f56bfc062723c751e8b465ee728b)  -> (artifact id: '45fddc5e52063b1d9b5f5808aea7474a') in 0.010499 seconds 
========================================================================
Received Import Request.
  Time since last request: 23.990350 seconds.
  path: Assets/Prefabs/Plane0.prefab
  artifactKey: Guid(8492d0e242a4e63479883e3c0b9afc9e) Importer(815301076,1909f56bfc062723c751e8b465ee728b)
Start importing Assets/Prefabs/Plane0.prefab using Guid(8492d0e242a4e63479883e3c0b9afc9e) Importer(815301076,1909f56bfc062723c751e8b465ee728b)  -> (artifact id: '9b32c63ad8a027b0f0572e7ab5580661') in 0.010924 seconds 
========================================================================
Received Import Request.
  Time since last request: 0.000029 seconds.
  path: Assets/Prefabs/Plane1.prefab
  artifactKey: Guid(3f5490fd79757a649b6b6535a4362680) Importer(815301076,1909f56bfc062723c751e8b465ee728b)
Start importing Assets/Prefabs/Plane1.prefab using Guid(3f5490fd79757a649b6b6535a4362680) Importer(815301076,1909f56bfc062723c751e8b465ee728b)  -> (artifact id: '91fc4dc8b3bd08765d5c70811773309c') in 0.011947 seconds 
========================================================================
Received Import Request.
  Time since last request: 0.000018 seconds.
  path: Assets/Prefabs/Plane5.prefab
  artifactKey: Guid(eb533097961050b4299e4864788fa0de) Importer(815301076,1909f56bfc062723c751e8b465ee728b)
Start importing Assets/Prefabs/Plane5.prefab using Guid(eb533097961050b4299e4864788fa0de) Importer(815301076,1909f56bfc062723c751e8b465ee728b)  -> (artifact id: '29b28ee6d16167d24710a00dc399b973') in 0.012333 seconds 
========================================================================
Received Import Request.
  Time since last request: 0.000018 seconds.
  path: Assets/Prefabs/Plane7.prefab
  artifactKey: Guid(f66faa73c10baa04c963dec36d4e53dc) Importer(815301076,1909f56bfc062723c751e8b465ee728b)
Start importing Assets/Prefabs/Plane7.prefab using Guid(f66faa73c10baa04c963dec36d4e53dc) Importer(815301076,1909f56bfc062723c751e8b465ee728b)  -> (artifact id: '3aff6616bd1007b30c66b6bed21b4e17') in 0.011262 seconds 
========================================================================
Received Import Request.
  Time since last request: 48.512526 seconds.
  path: Assets/Scripts
  artifactKey: Guid(10ac3881b0811c948873308cd506ae2b) Importer(815301076,1909f56bfc062723c751e8b465ee728b)
Start importing Assets/Scripts using Guid(10ac3881b0811c948873308cd506ae2b) Importer(815301076,1909f56bfc062723c751e8b465ee728b)  -> (artifact id: '81605af8df860a966d1e7899fbce9ee3') in 0.005461 seconds 
========================================================================
Received Import Request.
  Time since last request: 24.337161 seconds.
  path: Assets/Scripts/PlaneScript.cs
  artifactKey: Guid(3ea826222dab75c4fb83bc9fe6f6724b) Importer(815301076,1909f56bfc062723c751e8b465ee728b)
Start importing Assets/Scripts/PlaneScript.cs using Guid(3ea826222dab75c4fb83bc9fe6f6724b) Importer(815301076,1909f56bfc062723c751e8b465ee728b)  -> (artifact id: '56f218e3ad1797348c66c5544bc63596') in 0.007941 seconds 
========================================================================
Received Prepare
Registering precompiled user dll's ...
Registered in 0.006868 seconds.
Begin MonoManager ReloadAssembly
Symbol file LoadedFromMemory doesn't match image C:\Users\kawas\Desktop\uniba\otasuketai-game\My project\Library\PackageCache\com.unity.visualscripting@1.7.8\Editor\VisualScripting.Core\Dependencies\YamlDotNet\Unity.VisualScripting.YamlDotNet.dll
Symbol file LoadedFromMemory doesn't match image C:\Users\kawas\Desktop\uniba\otasuketai-game\My project\Library\PackageCache\com.unity.visualscripting@1.7.8\Editor\VisualScripting.Core\Dependencies\DotNetZip\Unity.VisualScripting.IonicZip.dll
Native extension for WindowsStandalone target not found
Native extension for OSXStandalone target not found
Native extension for WebGL target not found
Refreshing native plugins compatible for Editor in 0.46 ms, found 3 plugins.
Preloading 0 native plugins for Editor in 0.00 ms.
Mono: successfully reloaded assembly
- Completed reload, in  0.869 seconds
Domain Reload Profiling:
	ReloadAssembly (869ms)
		BeginReloadAssembly (127ms)
			ExecutionOrderSort (0ms)
			DisableScriptedObjects (4ms)
			BackupInstance (0ms)
			ReleaseScriptingObjects (0ms)
			CreateAndSetChildDomain (34ms)
		EndReloadAssembly (650ms)
			LoadAssemblies (77ms)
			RebuildTransferFunctionScriptingTraits (0ms)
			SetupTypeCache (226ms)
			ReleaseScriptCaches (1ms)
			RebuildScriptCaches (34ms)
			SetupLoadedEditorAssemblies (279ms)
				LogAssemblyErrors (0ms)
				InitializePlatformSupportModulesInManaged (15ms)
				SetLoadedEditorAssemblies (0ms)
				RefreshPlugins (1ms)
				BeforeProcessingInitializeOnLoad (62ms)
				ProcessInitializeOnLoadAttributes (168ms)
				ProcessInitializeOnLoadMethodAttributes (23ms)
				AfterProcessingInitializeOnLoad (11ms)
				EditorAssembliesLoaded (0ms)
			ExecutionOrderSort2 (0ms)
			AwakeInstancesAfterBackupRestoration (7ms)
Platform modules already initialized, skipping
Refreshing native plugins compatible for Editor in 1.90 ms, found 3 plugins.
Preloading 0 native plugins for Editor in 0.00 ms.
Unloading 3373 Unused Serialized files (Serialized files now loaded: 0)
Unloading 20 unused Assets / (78.2 KB). Loaded Objects now: 3879.
Memory consumption went from 125.3 MB to 125.2 MB.
Total: 2.784500 ms (FindLiveObjects: 0.345900 ms CreateObjectMapping: 0.092700 ms MarkObjects: 2.279100 ms  DeleteObjects: 0.066000 ms)

AssetImportParameters requested are different than current active one (requested -> active):
  custom:video-decoder-ogg-theora: a1e56fd34408186e4bbccfd4996cb3dc -> 
  custom:container-muxer-webm: aa71ff27fc2769a1b78a27578f13a17b -> 
  custom:container-demuxer-webm: 4f35f7cbe854078d1ac9338744f61a02 -> 
  custom:video-encoder-webm-vp8: eb34c28f22e8b96e1ab97ce403110664 -> 
  custom:video-codec-MediaFoundation-h265: 746d11721c4dcdbdad8f713fa42b33f4 -> 
  custom:audio-encoder-webm-vorbis: bf7c407c2cedff20999df2af8eb42d56 -> 
  custom:framework-win-MediaFoundation: 216162199b28c13a410421893ffa2e32 -> 
  custom:container-demuxer-ogg: 62fdf1f143b41e24485cea50d1cbac27 -> 
  custom:video-decoder-webm-vp8: 9c59270c3fd7afecdb556c50c9e8de78 -> 
  custom:audio-decoder-ogg-vorbis: bf7c407c2cedff20999df2af8eb42d56 -> 
========================================================================
Received Prepare
Registering precompiled user dll's ...
Registered in 0.005626 seconds.
Begin MonoManager ReloadAssembly
Symbol file LoadedFromMemory doesn't match image C:\Users\kawas\Desktop\uniba\otasuketai-game\My project\Library\PackageCache\com.unity.visualscripting@1.7.8\Editor\VisualScripting.Core\Dependencies\YamlDotNet\Unity.VisualScripting.YamlDotNet.dll
Symbol file LoadedFromMemory doesn't match image C:\Users\kawas\Desktop\uniba\otasuketai-game\My project\Library\PackageCache\com.unity.visualscripting@1.7.8\Editor\VisualScripting.Core\Dependencies\DotNetZip\Unity.VisualScripting.IonicZip.dll
Native extension for WindowsStandalone target not found
Native extension for OSXStandalone target not found
Native extension for WebGL target not found
Refreshing native plugins compatible for Editor in 0.71 ms, found 3 plugins.
Preloading 0 native plugins for Editor in 0.00 ms.
Mono: successfully reloaded assembly
- Completed reload, in  0.874 seconds
Domain Reload Profiling:
	ReloadAssembly (875ms)
		BeginReloadAssembly (124ms)
			ExecutionOrderSort (0ms)
			DisableScriptedObjects (5ms)
			BackupInstance (0ms)
			ReleaseScriptingObjects (0ms)
			CreateAndSetChildDomain (33ms)
		EndReloadAssembly (660ms)
			LoadAssemblies (78ms)
			RebuildTransferFunctionScriptingTraits (0ms)
			SetupTypeCache (224ms)
			ReleaseScriptCaches (1ms)
			RebuildScriptCaches (35ms)
			SetupLoadedEditorAssemblies (284ms)
				LogAssemblyErrors (0ms)
				InitializePlatformSupportModulesInManaged (16ms)
				SetLoadedEditorAssemblies (0ms)
				RefreshPlugins (1ms)
				BeforeProcessingInitializeOnLoad (67ms)
				ProcessInitializeOnLoadAttributes (168ms)
				ProcessInitializeOnLoadMethodAttributes (23ms)
				AfterProcessingInitializeOnLoad (9ms)
				EditorAssembliesLoaded (0ms)
			ExecutionOrderSort2 (0ms)
			AwakeInstancesAfterBackupRestoration (7ms)
Platform modules already initialized, skipping
Refreshing native plugins compatible for Editor in 1.93 ms, found 3 plugins.
Preloading 0 native plugins for Editor in 0.00 ms.
Unloading 3373 Unused Serialized files (Serialized files now loaded: 0)
Unloading 20 unused Assets / (78.0 KB). Loaded Objects now: 3882.
Memory consumption went from 125.3 MB to 125.2 MB.
Total: 2.728900 ms (FindLiveObjects: 0.283400 ms CreateObjectMapping: 0.082400 ms MarkObjects: 2.274800 ms  DeleteObjects: 0.087400 ms)

AssetImportParameters requested are different than current active one (requested -> active):
  custom:video-decoder-ogg-theora: a1e56fd34408186e4bbccfd4996cb3dc -> 
  custom:container-muxer-webm: aa71ff27fc2769a1b78a27578f13a17b -> 
  custom:container-demuxer-webm: 4f35f7cbe854078d1ac9338744f61a02 -> 
  custom:video-encoder-webm-vp8: eb34c28f22e8b96e1ab97ce403110664 -> 
  custom:video-codec-MediaFoundation-h265: 746d11721c4dcdbdad8f713fa42b33f4 -> 
  custom:audio-encoder-webm-vorbis: bf7c407c2cedff20999df2af8eb42d56 -> 
  custom:framework-win-MediaFoundation: 216162199b28c13a410421893ffa2e32 -> 
  custom:container-demuxer-ogg: 62fdf1f143b41e24485cea50d1cbac27 -> 
  custom:video-decoder-webm-vp8: 9c59270c3fd7afecdb556c50c9e8de78 -> 
  custom:audio-decoder-ogg-vorbis: bf7c407c2cedff20999df2af8eb42d56 -> 
========================================================================
Received Import Request.
  Time since last request: 162.559464 seconds.
  path: Assets/Scripts/PlaneScript.cs
  artifactKey: Guid(3ea826222dab75c4fb83bc9fe6f6724b) Importer(815301076,1909f56bfc062723c751e8b465ee728b)
Start importing Assets/Scripts/PlaneScript.cs using Guid(3ea826222dab75c4fb83bc9fe6f6724b) Importer(815301076,1909f56bfc062723c751e8b465ee728b)  -> (artifact id: '577428425b0d616d87d5a3663942c69f') in 0.010136 seconds 
========================================================================
Received Prepare
Registering precompiled user dll's ...
Registered in 0.005805 seconds.
Begin MonoManager ReloadAssembly
Symbol file LoadedFromMemory doesn't match image C:\Users\kawas\Desktop\uniba\otasuketai-game\My project\Library\PackageCache\com.unity.visualscripting@1.7.8\Editor\VisualScripting.Core\Dependencies\YamlDotNet\Unity.VisualScripting.YamlDotNet.dll
Symbol file LoadedFromMemory doesn't match image C:\Users\kawas\Desktop\uniba\otasuketai-game\My project\Library\PackageCache\com.unity.visualscripting@1.7.8\Editor\VisualScripting.Core\Dependencies\DotNetZip\Unity.VisualScripting.IonicZip.dll
Native extension for WindowsStandalone target not found
Native extension for OSXStandalone target not found
Native extension for WebGL target not found
Refreshing native plugins compatible for Editor in 0.51 ms, found 3 plugins.
Preloading 0 native plugins for Editor in 0.00 ms.
Mono: successfully reloaded assembly
- Completed reload, in  0.885 seconds
Domain Reload Profiling:
	ReloadAssembly (885ms)
		BeginReloadAssembly (127ms)
			ExecutionOrderSort (0ms)
			DisableScriptedObjects (5ms)
			BackupInstance (0ms)
			ReleaseScriptingObjects (0ms)
			CreateAndSetChildDomain (33ms)
		EndReloadAssembly (665ms)
			LoadAssemblies (77ms)
			RebuildTransferFunctionScriptingTraits (0ms)
			SetupTypeCache (219ms)
			ReleaseScriptCaches (1ms)
			RebuildScriptCaches (34ms)
			SetupLoadedEditorAssemblies (294ms)
				LogAssemblyErrors (0ms)
				InitializePlatformSupportModulesInManaged (15ms)
				SetLoadedEditorAssemblies (0ms)
				RefreshPlugins (1ms)
				BeforeProcessingInitializeOnLoad (67ms)
				ProcessInitializeOnLoadAttributes (177ms)
				ProcessInitializeOnLoadMethodAttributes (24ms)
				AfterProcessingInitializeOnLoad (10ms)
				EditorAssembliesLoaded (0ms)
			ExecutionOrderSort2 (0ms)
			AwakeInstancesAfterBackupRestoration (7ms)
Platform modules already initialized, skipping
Refreshing native plugins compatible for Editor in 1.86 ms, found 3 plugins.
Preloading 0 native plugins for Editor in 0.00 ms.
Unloading 3373 Unused Serialized files (Serialized files now loaded: 0)
Unloading 20 unused Assets / (78.2 KB). Loaded Objects now: 3885.
Memory consumption went from 125.3 MB to 125.2 MB.
Total: 2.665600 ms (FindLiveObjects: 0.268900 ms CreateObjectMapping: 0.069300 ms MarkObjects: 2.257500 ms  DeleteObjects: 0.069200 ms)

AssetImportParameters requested are different than current active one (requested -> active):
  custom:video-decoder-ogg-theora: a1e56fd34408186e4bbccfd4996cb3dc -> 
  custom:container-muxer-webm: aa71ff27fc2769a1b78a27578f13a17b -> 
  custom:container-demuxer-webm: 4f35f7cbe854078d1ac9338744f61a02 -> 
  custom:video-encoder-webm-vp8: eb34c28f22e8b96e1ab97ce403110664 -> 
  custom:video-codec-MediaFoundation-h265: 746d11721c4dcdbdad8f713fa42b33f4 -> 
  custom:audio-encoder-webm-vorbis: bf7c407c2cedff20999df2af8eb42d56 -> 
  custom:framework-win-MediaFoundation: 216162199b28c13a410421893ffa2e32 -> 
  custom:container-demuxer-ogg: 62fdf1f143b41e24485cea50d1cbac27 -> 
  custom:video-decoder-webm-vp8: 9c59270c3fd7afecdb556c50c9e8de78 -> 
  custom:audio-decoder-ogg-vorbis: bf7c407c2cedff20999df2af8eb42d56 -> 
========================================================================
Received Import Request.
  Time since last request: 199.863383 seconds.
  path: Assets/Prefabs/Plane0.prefab
  artifactKey: Guid(8492d0e242a4e63479883e3c0b9afc9e) Importer(815301076,1909f56bfc062723c751e8b465ee728b)
Start importing Assets/Prefabs/Plane0.prefab using Guid(8492d0e242a4e63479883e3c0b9afc9e) Importer(815301076,1909f56bfc062723c751e8b465ee728b)  -> (artifact id: '7de9664f719b471c887e43575c2c9c33') in 0.065507 seconds 
========================================================================
Received Import Request.
  Time since last request: 4.551471 seconds.
  path: Assets/Prefabs/Plane0.prefab
  artifactKey: Guid(8492d0e242a4e63479883e3c0b9afc9e) Importer(815301076,1909f56bfc062723c751e8b465ee728b)
Start importing Assets/Prefabs/Plane0.prefab using Guid(8492d0e242a4e63479883e3c0b9afc9e) Importer(815301076,1909f56bfc062723c751e8b465ee728b)  -> (artifact id: '4231fac7d1c2c37c7c2b19db26099a8b') in 0.012365 seconds 
========================================================================
Received Import Request.
  Time since last request: 5.373144 seconds.
  path: Assets/Prefabs/Plane1.prefab
  artifactKey: Guid(3f5490fd79757a649b6b6535a4362680) Importer(815301076,1909f56bfc062723c751e8b465ee728b)
Start importing Assets/Prefabs/Plane1.prefab using Guid(3f5490fd79757a649b6b6535a4362680) Importer(815301076,1909f56bfc062723c751e8b465ee728b)  -> (artifact id: '22e9dbdd83611d806199854de1873d04') in 0.010380 seconds 
========================================================================
Received Import Request.
  Time since last request: 1.316013 seconds.
  path: Assets/Prefabs/Plane1.prefab
  artifactKey: Guid(3f5490fd79757a649b6b6535a4362680) Importer(815301076,1909f56bfc062723c751e8b465ee728b)
Start importing Assets/Prefabs/Plane1.prefab using Guid(3f5490fd79757a649b6b6535a4362680) Importer(815301076,1909f56bfc062723c751e8b465ee728b)  -> (artifact id: '598ece603ce022eb94271c016aac3371') in 0.010941 seconds 
========================================================================
Received Import Request.
  Time since last request: 1.660662 seconds.
  path: Assets/Prefabs/Plane2.prefab
  artifactKey: Guid(99b34c54e878ee843ac8e951925e5a6d) Importer(815301076,1909f56bfc062723c751e8b465ee728b)
Start importing Assets/Prefabs/Plane2.prefab using Guid(99b34c54e878ee843ac8e951925e5a6d) Importer(815301076,1909f56bfc062723c751e8b465ee728b)  -> (artifact id: '56d800b4306fda38168f38c4686bf39a') in 0.010585 seconds 
========================================================================
Received Import Request.
  Time since last request: 2.624179 seconds.
  path: Assets/Prefabs/Plane2.prefab
  artifactKey: Guid(99b34c54e878ee843ac8e951925e5a6d) Importer(815301076,1909f56bfc062723c751e8b465ee728b)
Start importing Assets/Prefabs/Plane2.prefab using Guid(99b34c54e878ee843ac8e951925e5a6d) Importer(815301076,1909f56bfc062723c751e8b465ee728b)  -> (artifact id: 'e6a62bc8623685a14e80a4e5484cae2d') in 0.011782 seconds 
========================================================================
Received Import Request.
  Time since last request: 2.696937 seconds.
  path: Assets/Prefabs/Plane1.prefab
  artifactKey: Guid(3f5490fd79757a649b6b6535a4362680) Importer(815301076,1909f56bfc062723c751e8b465ee728b)
Start importing Assets/Prefabs/Plane1.prefab using Guid(3f5490fd79757a649b6b6535a4362680) Importer(815301076,1909f56bfc062723c751e8b465ee728b)  -> (artifact id: '11e62a1ef2e17736666e58af1e249fa4') in 0.011444 seconds 
========================================================================
Received Import Request.
  Time since last request: 2.060906 seconds.
  path: Assets/Prefabs/Plane3.prefab
  artifactKey: Guid(8d8e02ec94e82b2459903bd4d184e9e6) Importer(815301076,1909f56bfc062723c751e8b465ee728b)
Start importing Assets/Prefabs/Plane3.prefab using Guid(8d8e02ec94e82b2459903bd4d184e9e6) Importer(815301076,1909f56bfc062723c751e8b465ee728b)  -> (artifact id: 'bb77e4e71762b82f0c9fd6857c7918e3') in 0.010343 seconds 
========================================================================
Received Import Request.
  Time since last request: 0.876380 seconds.
  path: Assets/Prefabs/Plane3.prefab
  artifactKey: Guid(8d8e02ec94e82b2459903bd4d184e9e6) Importer(815301076,1909f56bfc062723c751e8b465ee728b)
Start importing Assets/Prefabs/Plane3.prefab using Guid(8d8e02ec94e82b2459903bd4d184e9e6) Importer(815301076,1909f56bfc062723c751e8b465ee728b)  -> (artifact id: '3f3a5ded498384c48b77c12a2c18667a') in 0.012176 seconds 
========================================================================
Received Import Request.
  Time since last request: 1.457931 seconds.
  path: Assets/Prefabs/Plane4.prefab
  artifactKey: Guid(75c03be934805d94c88b735b6ec33c86) Importer(815301076,1909f56bfc062723c751e8b465ee728b)
Start importing Assets/Prefabs/Plane4.prefab using Guid(75c03be934805d94c88b735b6ec33c86) Importer(815301076,1909f56bfc062723c751e8b465ee728b)  -> (artifact id: '53b0f283dc1e7f580f7d6e6985a8f9f9') in 0.010609 seconds 
========================================================================
Received Import Request.
  Time since last request: 0.859256 seconds.
  path: Assets/Prefabs/Plane4.prefab
  artifactKey: Guid(75c03be934805d94c88b735b6ec33c86) Importer(815301076,1909f56bfc062723c751e8b465ee728b)
Start importing Assets/Prefabs/Plane4.prefab using Guid(75c03be934805d94c88b735b6ec33c86) Importer(815301076,1909f56bfc062723c751e8b465ee728b)  -> (artifact id: '311189b1526fbd5d89d29f063b46e00b') in 0.012212 seconds 
========================================================================
Received Import Request.
  Time since last request: 4.485451 seconds.
  path: Assets/Prefabs/Plane5.prefab
  artifactKey: Guid(eb533097961050b4299e4864788fa0de) Importer(815301076,1909f56bfc062723c751e8b465ee728b)
Start importing Assets/Prefabs/Plane5.prefab using Guid(eb533097961050b4299e4864788fa0de) Importer(815301076,1909f56bfc062723c751e8b465ee728b)  -> (artifact id: 'd25b7cc2cfcd5c7310e4a7a9eab1bf07') in 0.009640 seconds 
========================================================================
Received Import Request.
  Time since last request: 1.211730 seconds.
  path: Assets/Prefabs/Plane5.prefab
  artifactKey: Guid(eb533097961050b4299e4864788fa0de) Importer(815301076,1909f56bfc062723c751e8b465ee728b)
Start importing Assets/Prefabs/Plane5.prefab using Guid(eb533097961050b4299e4864788fa0de) Importer(815301076,1909f56bfc062723c751e8b465ee728b)  -> (artifact id: '26eed1e84bb4ccca8fbd52dda82c8d84') in 0.011739 seconds 
========================================================================
Received Import Request.
  Time since last request: 1.657980 seconds.
  path: Assets/Prefabs/Plane6.prefab
  artifactKey: Guid(4de6ea992105f3a4b9984b02e01f923a) Importer(815301076,1909f56bfc062723c751e8b465ee728b)
Start importing Assets/Prefabs/Plane6.prefab using Guid(4de6ea992105f3a4b9984b02e01f923a) Importer(815301076,1909f56bfc062723c751e8b465ee728b)  -> (artifact id: '37c7ca6ba2e37f618f9579cbf6f28ca6') in 0.010017 seconds 
========================================================================
Received Import Request.
  Time since last request: 1.066804 seconds.
  path: Assets/Prefabs/Plane6.prefab
  artifactKey: Guid(4de6ea992105f3a4b9984b02e01f923a) Importer(815301076,1909f56bfc062723c751e8b465ee728b)
Start importing Assets/Prefabs/Plane6.prefab using Guid(4de6ea992105f3a4b9984b02e01f923a) Importer(815301076,1909f56bfc062723c751e8b465ee728b)  -> (artifact id: '7021429dcb204abc91700ba538b1d809') in 0.012115 seconds 
========================================================================
Received Import Request.
  Time since last request: 1.464349 seconds.
  path: Assets/Prefabs/Plane7.prefab
  artifactKey: Guid(f66faa73c10baa04c963dec36d4e53dc) Importer(815301076,1909f56bfc062723c751e8b465ee728b)
Start importing Assets/Prefabs/Plane7.prefab using Guid(f66faa73c10baa04c963dec36d4e53dc) Importer(815301076,1909f56bfc062723c751e8b465ee728b)  -> (artifact id: 'a4bb050885143941d265c43b98e6915a') in 0.010212 seconds 
========================================================================
Received Import Request.
  Time since last request: 1.213553 seconds.
  path: Assets/Prefabs/Plane7.prefab
  artifactKey: Guid(f66faa73c10baa04c963dec36d4e53dc) Importer(815301076,1909f56bfc062723c751e8b465ee728b)
Start importing Assets/Prefabs/Plane7.prefab using Guid(f66faa73c10baa04c963dec36d4e53dc) Importer(815301076,1909f56bfc062723c751e8b465ee728b)  -> (artifact id: 'fb702b4c646ca333b4e5bc6267bc9d7f') in 0.012485 seconds 
========================================================================
Received Import Request.
  Time since last request: 1.657015 seconds.
  path: Assets/Prefabs/Plane8.prefab
  artifactKey: Guid(c734d437f69262a42a39355e45339240) Importer(815301076,1909f56bfc062723c751e8b465ee728b)
Start importing Assets/Prefabs/Plane8.prefab using Guid(c734d437f69262a42a39355e45339240) Importer(815301076,1909f56bfc062723c751e8b465ee728b)  -> (artifact id: 'f8b8aba75fcd458a9559cacfb53d0328') in 0.011685 seconds 
========================================================================
Received Import Request.
  Time since last request: 0.790729 seconds.
  path: Assets/Prefabs/Plane8.prefab
  artifactKey: Guid(c734d437f69262a42a39355e45339240) Importer(815301076,1909f56bfc062723c751e8b465ee728b)
Start importing Assets/Prefabs/Plane8.prefab using Guid(c734d437f69262a42a39355e45339240) Importer(815301076,1909f56bfc062723c751e8b465ee728b)  -> (artifact id: '2e570503bf817e1c920192068dd11df3') in 0.011736 seconds 
========================================================================
Received Import Request.
  Time since last request: 2.127098 seconds.
  path: Assets/Prefabs/Plane9.prefab
  artifactKey: Guid(55e8916ca55bc3341b48c65d959674db) Importer(815301076,1909f56bfc062723c751e8b465ee728b)
Start importing Assets/Prefabs/Plane9.prefab using Guid(55e8916ca55bc3341b48c65d959674db) Importer(815301076,1909f56bfc062723c751e8b465ee728b)  -> (artifact id: '4ef64a2e19af1957fe7b85225d916736') in 0.010463 seconds 
========================================================================
Received Import Request.
  Time since last request: 1.664116 seconds.
  path: Assets/Prefabs/Plane9.prefab
  artifactKey: Guid(55e8916ca55bc3341b48c65d959674db) Importer(815301076,1909f56bfc062723c751e8b465ee728b)
Start importing Assets/Prefabs/Plane9.prefab using Guid(55e8916ca55bc3341b48c65d959674db) Importer(815301076,1909f56bfc062723c751e8b465ee728b)  -> (artifact id: '540730101c749f456fa338e70ce1d524') in 0.011628 seconds 
========================================================================
Received Prepare
Registering precompiled user dll's ...
Registered in 0.007097 seconds.
Begin MonoManager ReloadAssembly
Symbol file LoadedFromMemory doesn't match image C:\Users\kawas\Desktop\uniba\otasuketai-game\My project\Library\PackageCache\com.unity.visualscripting@1.7.8\Editor\VisualScripting.Core\Dependencies\YamlDotNet\Unity.VisualScripting.YamlDotNet.dll
Symbol file LoadedFromMemory doesn't match image C:\Users\kawas\Desktop\uniba\otasuketai-game\My project\Library\PackageCache\com.unity.visualscripting@1.7.8\Editor\VisualScripting.Core\Dependencies\DotNetZip\Unity.VisualScripting.IonicZip.dll
Native extension for WindowsStandalone target not found
Native extension for OSXStandalone target not found
Native extension for WebGL target not found
Refreshing native plugins compatible for Editor in 0.58 ms, found 3 plugins.
Preloading 0 native plugins for Editor in 0.00 ms.
Mono: successfully reloaded assembly
- Completed reload, in  0.875 seconds
Domain Reload Profiling:
	ReloadAssembly (876ms)
		BeginReloadAssembly (123ms)
			ExecutionOrderSort (0ms)
			DisableScriptedObjects (4ms)
			BackupInstance (0ms)
			ReleaseScriptingObjects (0ms)
			CreateAndSetChildDomain (33ms)
		EndReloadAssembly (661ms)
			LoadAssemblies (80ms)
			RebuildTransferFunctionScriptingTraits (0ms)
			SetupTypeCache (227ms)
			ReleaseScriptCaches (1ms)
			RebuildScriptCaches (34ms)
			SetupLoadedEditorAssemblies (283ms)
				LogAssemblyErrors (0ms)
				InitializePlatformSupportModulesInManaged (15ms)
				SetLoadedEditorAssemblies (0ms)
				RefreshPlugins (1ms)
				BeforeProcessingInitializeOnLoad (64ms)
				ProcessInitializeOnLoadAttributes (167ms)
				ProcessInitializeOnLoadMethodAttributes (24ms)
				AfterProcessingInitializeOnLoad (11ms)
				EditorAssembliesLoaded (0ms)
			ExecutionOrderSort2 (0ms)
			AwakeInstancesAfterBackupRestoration (8ms)
Platform modules already initialized, skipping
Refreshing native plugins compatible for Editor in 1.84 ms, found 3 plugins.
Preloading 0 native plugins for Editor in 0.00 ms.
Unloading 3373 Unused Serialized files (Serialized files now loaded: 0)
Unloading 20 unused Assets / (78.3 KB). Loaded Objects now: 3888.
Memory consumption went from 125.3 MB to 125.3 MB.
Total: 2.784900 ms (FindLiveObjects: 0.317300 ms CreateObjectMapping: 0.122700 ms MarkObjects: 2.259200 ms  DeleteObjects: 0.084800 ms)

AssetImportParameters requested are different than current active one (requested -> active):
  custom:video-decoder-ogg-theora: a1e56fd34408186e4bbccfd4996cb3dc -> 
  custom:container-muxer-webm: aa71ff27fc2769a1b78a27578f13a17b -> 
  custom:container-demuxer-webm: 4f35f7cbe854078d1ac9338744f61a02 -> 
  custom:video-encoder-webm-vp8: eb34c28f22e8b96e1ab97ce403110664 -> 
  custom:video-codec-MediaFoundation-h265: 746d11721c4dcdbdad8f713fa42b33f4 -> 
  custom:audio-encoder-webm-vorbis: bf7c407c2cedff20999df2af8eb42d56 -> 
  custom:framework-win-MediaFoundation: 216162199b28c13a410421893ffa2e32 -> 
  custom:container-demuxer-ogg: 62fdf1f143b41e24485cea50d1cbac27 -> 
  custom:video-decoder-webm-vp8: 9c59270c3fd7afecdb556c50c9e8de78 -> 
  custom:audio-decoder-ogg-vorbis: bf7c407c2cedff20999df2af8eb42d56 -> 
========================================================================
Received Import Request.
  Time since last request: 82.428639 seconds.
  path: Assets/Prefabs/Plane0.prefab
  artifactKey: Guid(8492d0e242a4e63479883e3c0b9afc9e) Importer(815301076,1909f56bfc062723c751e8b465ee728b)
Start importing Assets/Prefabs/Plane0.prefab using Guid(8492d0e242a4e63479883e3c0b9afc9e) Importer(815301076,1909f56bfc062723c751e8b465ee728b)  -> (artifact id: '68fcd5c06ed5b6fe0a28d711e788f269') in 0.064610 seconds 
========================================================================
Received Import Request.
  Time since last request: 1.756962 seconds.
  path: Assets/Prefabs/Plane1.prefab
  artifactKey: Guid(3f5490fd79757a649b6b6535a4362680) Importer(815301076,1909f56bfc062723c751e8b465ee728b)
Start importing Assets/Prefabs/Plane1.prefab using Guid(3f5490fd79757a649b6b6535a4362680) Importer(815301076,1909f56bfc062723c751e8b465ee728b)  -> (artifact id: 'd60244cce4212f96571c25a523d5fcd9') in 0.011019 seconds 
========================================================================
Received Import Request.
  Time since last request: 1.173643 seconds.
  path: Assets/Prefabs/Plane2.prefab
  artifactKey: Guid(99b34c54e878ee843ac8e951925e5a6d) Importer(815301076,1909f56bfc062723c751e8b465ee728b)
Start importing Assets/Prefabs/Plane2.prefab using Guid(99b34c54e878ee843ac8e951925e5a6d) Importer(815301076,1909f56bfc062723c751e8b465ee728b)  -> (artifact id: '06b7824c7dedbaa719dafe8230edfa3d') in 0.010368 seconds 
========================================================================
Received Import Request.
  Time since last request: 1.257103 seconds.
  path: Assets/Prefabs/Plane3.prefab
  artifactKey: Guid(8d8e02ec94e82b2459903bd4d184e9e6) Importer(815301076,1909f56bfc062723c751e8b465ee728b)
Start importing Assets/Prefabs/Plane3.prefab using Guid(8d8e02ec94e82b2459903bd4d184e9e6) Importer(815301076,1909f56bfc062723c751e8b465ee728b)  -> (artifact id: '3403771b2da2cf3c04ce858493d92906') in 0.012135 seconds 
========================================================================
Received Import Request.
  Time since last request: 1.022552 seconds.
  path: Assets/Prefabs/Plane4.prefab
  artifactKey: Guid(75c03be934805d94c88b735b6ec33c86) Importer(815301076,1909f56bfc062723c751e8b465ee728b)
Start importing Assets/Prefabs/Plane4.prefab using Guid(75c03be934805d94c88b735b6ec33c86) Importer(815301076,1909f56bfc062723c751e8b465ee728b)  -> (artifact id: '4aad9485843da6856efd09151bfbc73b') in 0.010192 seconds 
========================================================================
Received Import Request.
  Time since last request: 1.724682 seconds.
  path: Assets/Prefabs/Plane5.prefab
  artifactKey: Guid(eb533097961050b4299e4864788fa0de) Importer(815301076,1909f56bfc062723c751e8b465ee728b)
Start importing Assets/Prefabs/Plane5.prefab using Guid(eb533097961050b4299e4864788fa0de) Importer(815301076,1909f56bfc062723c751e8b465ee728b)  -> (artifact id: '53fe0d7714d5cbf95f1d6ac704f6b7b7') in 0.010957 seconds 
========================================================================
Received Import Request.
  Time since last request: 1.722533 seconds.
  path: Assets/Prefabs/Plane6.prefab
  artifactKey: Guid(4de6ea992105f3a4b9984b02e01f923a) Importer(815301076,1909f56bfc062723c751e8b465ee728b)
Start importing Assets/Prefabs/Plane6.prefab using Guid(4de6ea992105f3a4b9984b02e01f923a) Importer(815301076,1909f56bfc062723c751e8b465ee728b)  -> (artifact id: '2352c7e2e2860698fffe12ffdf544f34') in 0.012150 seconds 
========================================================================
Received Import Request.
  Time since last request: 1.276192 seconds.
  path: Assets/Prefabs/Plane7.prefab
  artifactKey: Guid(f66faa73c10baa04c963dec36d4e53dc) Importer(815301076,1909f56bfc062723c751e8b465ee728b)
Start importing Assets/Prefabs/Plane7.prefab using Guid(f66faa73c10baa04c963dec36d4e53dc) Importer(815301076,1909f56bfc062723c751e8b465ee728b)  -> (artifact id: 'd56852e15c2ae8887e5ed6ed8a4ab273') in 0.010724 seconds 
========================================================================
Received Import Request.
  Time since last request: 1.655107 seconds.
  path: Assets/Prefabs/Plane8.prefab
  artifactKey: Guid(c734d437f69262a42a39355e45339240) Importer(815301076,1909f56bfc062723c751e8b465ee728b)
Start importing Assets/Prefabs/Plane8.prefab using Guid(c734d437f69262a42a39355e45339240) Importer(815301076,1909f56bfc062723c751e8b465ee728b)  -> (artifact id: '14336fae6a88f5ed6d97f3e60ebda00e') in 0.011463 seconds 
========================================================================
Received Import Request.
  Time since last request: 2.529602 seconds.
  path: Assets/Prefabs/Plane9.prefab
  artifactKey: Guid(55e8916ca55bc3341b48c65d959674db) Importer(815301076,1909f56bfc062723c751e8b465ee728b)
Start importing Assets/Prefabs/Plane9.prefab using Guid(55e8916ca55bc3341b48c65d959674db) Importer(815301076,1909f56bfc062723c751e8b465ee728b)  -> (artifact id: '812a4199c855e47f1549c9c5657e7623') in 0.009959 seconds 
========================================================================
Received Prepare
Registering precompiled user dll's ...
Registered in 0.006467 seconds.
Begin MonoManager ReloadAssembly
Symbol file LoadedFromMemory doesn't match image C:\Users\kawas\Desktop\uniba\otasuketai-game\My project\Library\PackageCache\com.unity.visualscripting@1.7.8\Editor\VisualScripting.Core\Dependencies\YamlDotNet\Unity.VisualScripting.YamlDotNet.dll
Symbol file LoadedFromMemory doesn't match image C:\Users\kawas\Desktop\uniba\otasuketai-game\My project\Library\PackageCache\com.unity.visualscripting@1.7.8\Editor\VisualScripting.Core\Dependencies\DotNetZip\Unity.VisualScripting.IonicZip.dll
Native extension for WindowsStandalone target not found
Native extension for OSXStandalone target not found
Native extension for WebGL target not found
Refreshing native plugins compatible for Editor in 0.60 ms, found 3 plugins.
Preloading 0 native plugins for Editor in 0.00 ms.
Mono: successfully reloaded assembly
- Completed reload, in  0.875 seconds
Domain Reload Profiling:
	ReloadAssembly (876ms)
		BeginReloadAssembly (123ms)
			ExecutionOrderSort (0ms)
			DisableScriptedObjects (4ms)
			BackupInstance (0ms)
			ReleaseScriptingObjects (0ms)
			CreateAndSetChildDomain (33ms)
		EndReloadAssembly (663ms)
			LoadAssemblies (77ms)
			RebuildTransferFunctionScriptingTraits (0ms)
			SetupTypeCache (223ms)
			ReleaseScriptCaches (1ms)
			RebuildScriptCaches (34ms)
			SetupLoadedEditorAssemblies (293ms)
				LogAssemblyErrors (0ms)
				InitializePlatformSupportModulesInManaged (15ms)
				SetLoadedEditorAssemblies (0ms)
				RefreshPlugins (1ms)
				BeforeProcessingInitializeOnLoad (65ms)
				ProcessInitializeOnLoadAttributes (174ms)
				ProcessInitializeOnLoadMethodAttributes (25ms)
				AfterProcessingInitializeOnLoad (13ms)
				EditorAssembliesLoaded (0ms)
			ExecutionOrderSort2 (0ms)
			AwakeInstancesAfterBackupRestoration (7ms)
Platform modules already initialized, skipping
Refreshing native plugins compatible for Editor in 1.87 ms, found 3 plugins.
Preloading 0 native plugins for Editor in 0.00 ms.
Unloading 3373 Unused Serialized files (Serialized files now loaded: 0)
Unloading 20 unused Assets / (78.2 KB). Loaded Objects now: 3891.
Memory consumption went from 125.4 MB to 125.3 MB.
Total: 3.030400 ms (FindLiveObjects: 0.370900 ms CreateObjectMapping: 0.084700 ms MarkObjects: 2.494000 ms  DeleteObjects: 0.080200 ms)

AssetImportParameters requested are different than current active one (requested -> active):
  custom:video-decoder-ogg-theora: a1e56fd34408186e4bbccfd4996cb3dc -> 
  custom:container-muxer-webm: aa71ff27fc2769a1b78a27578f13a17b -> 
  custom:container-demuxer-webm: 4f35f7cbe854078d1ac9338744f61a02 -> 
  custom:video-encoder-webm-vp8: eb34c28f22e8b96e1ab97ce403110664 -> 
  custom:video-codec-MediaFoundation-h265: 746d11721c4dcdbdad8f713fa42b33f4 -> 
  custom:audio-encoder-webm-vorbis: bf7c407c2cedff20999df2af8eb42d56 -> 
  custom:framework-win-MediaFoundation: 216162199b28c13a410421893ffa2e32 -> 
  custom:container-demuxer-ogg: 62fdf1f143b41e24485cea50d1cbac27 -> 
  custom:video-decoder-webm-vp8: 9c59270c3fd7afecdb556c50c9e8de78 -> 
  custom:audio-decoder-ogg-vorbis: bf7c407c2cedff20999df2af8eb42d56 -> 
========================================================================
Received Import Request.
  Time since last request: 105.097624 seconds.
  path: Assets/Scripts/PlayerController.cs
  artifactKey: Guid(8352da1a6c827c041aec4a05df556618) Importer(815301076,1909f56bfc062723c751e8b465ee728b)
Start importing Assets/Scripts/PlayerController.cs using Guid(8352da1a6c827c041aec4a05df556618) Importer(815301076,1909f56bfc062723c751e8b465ee728b)  -> (artifact id: '8d9c33379e12b1f482bf4011bcb8e5c4') in 0.010763 seconds 
========================================================================
Received Prepare
Registering precompiled user dll's ...
Registered in 0.005501 seconds.
Begin MonoManager ReloadAssembly
Symbol file LoadedFromMemory doesn't match image C:\Users\kawas\Desktop\uniba\otasuketai-game\My project\Library\PackageCache\com.unity.visualscripting@1.7.8\Editor\VisualScripting.Core\Dependencies\YamlDotNet\Unity.VisualScripting.YamlDotNet.dll
Symbol file LoadedFromMemory doesn't match image C:\Users\kawas\Desktop\uniba\otasuketai-game\My project\Library\PackageCache\com.unity.visualscripting@1.7.8\Editor\VisualScripting.Core\Dependencies\DotNetZip\Unity.VisualScripting.IonicZip.dll
Native extension for WindowsStandalone target not found
Native extension for OSXStandalone target not found
Native extension for WebGL target not found
Refreshing native plugins compatible for Editor in 0.60 ms, found 3 plugins.
Preloading 0 native plugins for Editor in 0.00 ms.
Mono: successfully reloaded assembly
- Completed reload, in  0.874 seconds
Domain Reload Profiling:
	ReloadAssembly (875ms)
		BeginReloadAssembly (127ms)
			ExecutionOrderSort (0ms)
			DisableScriptedObjects (5ms)
			BackupInstance (0ms)
			ReleaseScriptingObjects (0ms)
			CreateAndSetChildDomain (32ms)
		EndReloadAssembly (658ms)
			LoadAssemblies (80ms)
			RebuildTransferFunctionScriptingTraits (0ms)
			SetupTypeCache (230ms)
			ReleaseScriptCaches (1ms)
			RebuildScriptCaches (36ms)
			SetupLoadedEditorAssemblies (280ms)
				LogAssemblyErrors (0ms)
				InitializePlatformSupportModulesInManaged (16ms)
				SetLoadedEditorAssemblies (0ms)
				RefreshPlugins (1ms)
				BeforeProcessingInitializeOnLoad (62ms)
				ProcessInitializeOnLoadAttributes (164ms)
				ProcessInitializeOnLoadMethodAttributes (25ms)
				AfterProcessingInitializeOnLoad (11ms)
				EditorAssembliesLoaded (0ms)
			ExecutionOrderSort2 (0ms)
			AwakeInstancesAfterBackupRestoration (7ms)
Platform modules already initialized, skipping
Refreshing native plugins compatible for Editor in 2.02 ms, found 3 plugins.
Preloading 0 native plugins for Editor in 0.00 ms.
Unloading 3374 Unused Serialized files (Serialized files now loaded: 0)
Unloading 20 unused Assets / (78.3 KB). Loaded Objects now: 3895.
Memory consumption went from 125.4 MB to 125.3 MB.
Total: 2.843200 ms (FindLiveObjects: 0.328700 ms CreateObjectMapping: 0.162600 ms MarkObjects: 2.265300 ms  DeleteObjects: 0.085900 ms)

AssetImportParameters requested are different than current active one (requested -> active):
  custom:video-decoder-ogg-theora: a1e56fd34408186e4bbccfd4996cb3dc -> 
  custom:container-muxer-webm: aa71ff27fc2769a1b78a27578f13a17b -> 
  custom:container-demuxer-webm: 4f35f7cbe854078d1ac9338744f61a02 -> 
  custom:video-encoder-webm-vp8: eb34c28f22e8b96e1ab97ce403110664 -> 
  custom:video-codec-MediaFoundation-h265: 746d11721c4dcdbdad8f713fa42b33f4 -> 
  custom:audio-encoder-webm-vorbis: bf7c407c2cedff20999df2af8eb42d56 -> 
  custom:framework-win-MediaFoundation: 216162199b28c13a410421893ffa2e32 -> 
  custom:container-demuxer-ogg: 62fdf1f143b41e24485cea50d1cbac27 -> 
  custom:video-decoder-webm-vp8: 9c59270c3fd7afecdb556c50c9e8de78 -> 
  custom:audio-decoder-ogg-vorbis: bf7c407c2cedff20999df2af8eb42d56 -> 
