Using pre-set license
Built from '2021.3/staging' branch; Version is '2021.3.8f1 (b30333d56e81) revision 11731763'; Using compiler version '192829333'; Build Type 'Release'
OS: 'Windows 11  (10.0.22000) 64bit Core' Language: 'ja' Physical Memory: 32671 MB
BatchMode: 1, IsHumanControllingUs: 0, StartBugReporterOnCrash: 0, Is64bit: 1, IsPro: 1

COMMAND LINE ARGUMENTS:
C:\Program Files\Unity\Hub\Editor\2021.3.8f1\Editor\Unity.exe
-adb2
-batchMode
-noUpm
-name
AssetImportWorker4
-projectPath
D:/GitHub/otasuketai-game/My project
-logFile
Logs/AssetImportWorker4.log
-srvPort
59164
Successfully changed project path to: D:/GitHub/otasuketai-game/My project
D:/GitHub/otasuketai-game/My project
[UnityMemory] Configuration Parameters - Can be set up in boot.config
    "memorysetup-bucket-allocator-granularity=16"
    "memorysetup-bucket-allocator-bucket-count=8"
    "memorysetup-bucket-allocator-block-size=33554432"
    "memorysetup-bucket-allocator-block-count=8"
    "memorysetup-main-allocator-block-size=16777216"
    "memorysetup-thread-allocator-block-size=16777216"
    "memorysetup-gfx-main-allocator-block-size=16777216"
    "memorysetup-gfx-thread-allocator-block-size=16777216"
    "memorysetup-cache-allocator-block-size=4194304"
    "memorysetup-typetree-allocator-block-size=2097152"
    "memorysetup-profiler-bucket-allocator-granularity=16"
    "memorysetup-profiler-bucket-allocator-bucket-count=8"
    "memorysetup-profiler-bucket-allocator-block-size=33554432"
    "memorysetup-profiler-bucket-allocator-block-count=8"
    "memorysetup-profiler-allocator-block-size=16777216"
    "memorysetup-profiler-editor-allocator-block-size=1048576"
    "memorysetup-temp-allocator-size-main=16777216"
    "memorysetup-job-temp-allocator-block-size=2097152"
    "memorysetup-job-temp-allocator-block-size-background=1048576"
    "memorysetup-job-temp-allocator-reduction-small-platforms=262144"
    "memorysetup-temp-allocator-size-background-worker=32768"
    "memorysetup-temp-allocator-size-job-worker=262144"
    "memorysetup-temp-allocator-size-preload-manager=33554432"
    "memorysetup-temp-allocator-size-nav-mesh-worker=65536"
    "memorysetup-temp-allocator-size-audio-worker=65536"
    "memorysetup-temp-allocator-size-cloud-worker=32768"
    "memorysetup-temp-allocator-size-gi-baking-worker=262144"
    "memorysetup-temp-allocator-size-gfx=262144"
Refreshing native plugins compatible for Editor in 71.22 ms, found 3 plugins.
Preloading 0 native plugins for Editor in 0.00 ms.
Initialize engine version: 2021.3.8f1 (b30333d56e81)
[Subsystems] Discovering subsystems at path C:/Program Files/Unity/Hub/Editor/2021.3.8f1/Editor/Data/Resources/UnitySubsystems
[Subsystems] Discovering subsystems at path D:/GitHub/otasuketai-game/My project/Assets
GfxDevice: creating device client; threaded=0; jobified=0
Direct3D:
    Version:  Direct3D 11.0 [level 11.1]
    Renderer: NVIDIA GeForce RTX 2070 SUPER (ID=0x1e84)
    Vendor:   NVIDIA
    VRAM:     8012 MB
    Driver:   31.0.15.1640
Initialize mono
Mono path[0] = 'C:/Program Files/Unity/Hub/Editor/2021.3.8f1/Editor/Data/Managed'
Mono path[1] = 'C:/Program Files/Unity/Hub/Editor/2021.3.8f1/Editor/Data/MonoBleedingEdge/lib/mono/unityjit-win32'
Mono config path = 'C:/Program Files/Unity/Hub/Editor/2021.3.8f1/Editor/Data/MonoBleedingEdge/etc'
Using monoOptions --debugger-agent=transport=dt_socket,embedding=1,server=y,suspend=n,address=127.0.0.1:56448
Begin MonoManager ReloadAssembly
Registering precompiled unity dll's ...
Register platform support module: C:/Program Files/Unity/Hub/Editor/2021.3.8f1/Editor/Data/PlaybackEngines/WebGLSupport/UnityEditor.WebGL.Extensions.dll
Register platform support module: C:/Program Files/Unity/Hub/Editor/2021.3.8f1/Editor/Data/PlaybackEngines/MacStandaloneSupport/UnityEditor.OSXStandalone.Extensions.dll
Register platform support module: C:/Program Files/Unity/Hub/Editor/2021.3.8f1/Editor/Data/PlaybackEngines/iOSSupport/UnityEditor.iOS.Extensions.dll
Register platform support module: C:/Program Files/Unity/Hub/Editor/2021.3.8f1/Editor/Data/PlaybackEngines/WindowsStandaloneSupport/UnityEditor.WindowsStandalone.Extensions.dll
Registered in 0.006207 seconds.
Native extension for WindowsStandalone target not found
[usbmuxd] Start listen thread
[usbmuxd] Listen thread started
[usbmuxd] Send listen message
Native extension for iOS target not found
Native extension for OSXStandalone target not found
Native extension for WebGL target not found
Refreshing native plugins compatible for Editor in 71.71 ms, found 3 plugins.
Preloading 0 native plugins for Editor in 0.00 ms.
Mono: successfully reloaded assembly
- Completed reload, in  0.563 seconds
Domain Reload Profiling:
	ReloadAssembly (564ms)
		BeginReloadAssembly (61ms)
			ExecutionOrderSort (0ms)
			DisableScriptedObjects (0ms)
			BackupInstance (0ms)
			ReleaseScriptingObjects (0ms)
			CreateAndSetChildDomain (1ms)
		EndReloadAssembly (403ms)
			LoadAssemblies (60ms)
			RebuildTransferFunctionScriptingTraits (0ms)
			SetupTypeCache (92ms)
			ReleaseScriptCaches (0ms)
			RebuildScriptCaches (25ms)
			SetupLoadedEditorAssemblies (242ms)
				LogAssemblyErrors (0ms)
				InitializePlatformSupportModulesInManaged (26ms)
				SetLoadedEditorAssemblies (0ms)
				RefreshPlugins (72ms)
				BeforeProcessingInitializeOnLoad (1ms)
				ProcessInitializeOnLoadAttributes (104ms)
				ProcessInitializeOnLoadMethodAttributes (38ms)
				AfterProcessingInitializeOnLoad (0ms)
				EditorAssembliesLoaded (0ms)
			ExecutionOrderSort2 (0ms)
			AwakeInstancesAfterBackupRestoration (0ms)
Platform modules already initialized, skipping
Registering precompiled user dll's ...
Registered in 0.003272 seconds.
Begin MonoManager ReloadAssembly
Symbol file LoadedFromMemory doesn't match image D:\GitHub\otasuketai-game\My project\Library\PackageCache\com.unity.visualscripting@1.7.8\Editor\VisualScripting.Core\Dependencies\YamlDotNet\Unity.VisualScripting.YamlDotNet.dll
Symbol file LoadedFromMemory doesn't match image D:\GitHub\otasuketai-game\My project\Library\PackageCache\com.unity.visualscripting@1.7.8\Editor\VisualScripting.Core\Dependencies\DotNetZip\Unity.VisualScripting.IonicZip.dll
Native extension for WindowsStandalone target not found
Native extension for iOS target not found
Native extension for OSXStandalone target not found
Native extension for WebGL target not found
Refreshing native plugins compatible for Editor in 0.57 ms, found 3 plugins.
Preloading 0 native plugins for Editor in 0.00 ms.
Mono: successfully reloaded assembly
- Completed reload, in  0.920 seconds
Domain Reload Profiling:
	ReloadAssembly (921ms)
		BeginReloadAssembly (99ms)
			ExecutionOrderSort (0ms)
			DisableScriptedObjects (5ms)
			BackupInstance (0ms)
			ReleaseScriptingObjects (0ms)
			CreateAndSetChildDomain (21ms)
		EndReloadAssembly (722ms)
			LoadAssemblies (67ms)
			RebuildTransferFunctionScriptingTraits (0ms)
			SetupTypeCache (259ms)
			ReleaseScriptCaches (1ms)
			RebuildScriptCaches (46ms)
			SetupLoadedEditorAssemblies (318ms)
				LogAssemblyErrors (0ms)
				InitializePlatformSupportModulesInManaged (20ms)
				SetLoadedEditorAssemblies (0ms)
				RefreshPlugins (1ms)
				BeforeProcessingInitializeOnLoad (70ms)
				ProcessInitializeOnLoadAttributes (192ms)
				ProcessInitializeOnLoadMethodAttributes (27ms)
				AfterProcessingInitializeOnLoad (7ms)
				EditorAssembliesLoaded (0ms)
			ExecutionOrderSort2 (0ms)
			AwakeInstancesAfterBackupRestoration (5ms)
Platform modules already initialized, skipping
========================================================================
Worker process is ready to serve import requests
Launched and connected shader compiler UnityShaderCompiler.exe after 0.04 seconds
Refreshing native plugins compatible for Editor in 0.65 ms, found 3 plugins.
Preloading 0 native plugins for Editor in 0.00 ms.
Unloading 3433 Unused Serialized files (Serialized files now loaded: 0)
Unloading 25 unused Assets / (55.4 KB). Loaded Objects now: 3895.
Memory consumption went from 121.9 MB to 121.8 MB.
Total: 2.643600 ms (FindLiveObjects: 0.253400 ms CreateObjectMapping: 0.202500 ms MarkObjects: 2.122100 ms  DeleteObjects: 0.064800 ms)

AssetImportParameters requested are different than current active one (requested -> active):
  custom:video-decoder-ogg-theora: a1e56fd34408186e4bbccfd4996cb3dc -> 
  custom:container-muxer-webm: aa71ff27fc2769a1b78a27578f13a17b -> 
  custom:container-demuxer-webm: 4f35f7cbe854078d1ac9338744f61a02 -> 
  custom:video-encoder-webm-vp8: eb34c28f22e8b96e1ab97ce403110664 -> 
  custom:video-codec-MediaFoundation-h265: 746d11721c4dcdbdad8f713fa42b33f4 -> 
  custom:audio-encoder-webm-vorbis: bf7c407c2cedff20999df2af8eb42d56 -> 
  custom:framework-win-MediaFoundation: 216162199b28c13a410421893ffa2e32 -> 
  custom:container-demuxer-ogg: 62fdf1f143b41e24485cea50d1cbac27 -> 
  custom:video-decoder-webm-vp8: 9c59270c3fd7afecdb556c50c9e8de78 -> 
  custom:audio-decoder-ogg-vorbis: bf7c407c2cedff20999df2af8eb42d56 -> 
========================================================================
Received Import Request.
  Time since last request: 749479.395198 seconds.
  path: Assets/#OnePotatoKingdom_FULL/Prefabs/#Planets/Earth-Like/Earth-Like_Design5.prefab
  artifactKey: Guid(2aca12bac1558f644b83061be3705ffc) Importer(815301076,1909f56bfc062723c751e8b465ee728b)
Start importing Assets/#OnePotatoKingdom_FULL/Prefabs/#Planets/Earth-Like/Earth-Like_Design5.prefab using Guid(2aca12bac1558f644b83061be3705ffc) Importer(815301076,1909f56bfc062723c751e8b465ee728b)  -> (artifact id: '43a63b2e0d82065d17fd81fe83b1f000') in 0.103504 seconds 
========================================================================
Received Import Request.
  Time since last request: 0.864984 seconds.
  path: Assets/#OnePotatoKingdom_FULL/Prefabs/#Planets/Earth-Like/Earth-Like_Design5.prefab
  artifactKey: Guid(2aca12bac1558f644b83061be3705ffc) Importer(815301076,1909f56bfc062723c751e8b465ee728b)
Start importing Assets/#OnePotatoKingdom_FULL/Prefabs/#Planets/Earth-Like/Earth-Like_Design5.prefab using Guid(2aca12bac1558f644b83061be3705ffc) Importer(815301076,1909f56bfc062723c751e8b465ee728b)  -> (artifact id: '2363ac513fb0e6c2ce946ea2395d2400') in 0.039870 seconds 
========================================================================
Received Import Request.
  Time since last request: 9.293832 seconds.
  path: Assets/#OnePotatoKingdom_FULL/Prefabs/#Planets/Frozen/Frozen_Design3.prefab
  artifactKey: Guid(ee73cbad720351640a178dff59fe2b69) Importer(815301076,1909f56bfc062723c751e8b465ee728b)
Start importing Assets/#OnePotatoKingdom_FULL/Prefabs/#Planets/Frozen/Frozen_Design3.prefab using Guid(ee73cbad720351640a178dff59fe2b69) Importer(815301076,1909f56bfc062723c751e8b465ee728b)  -> (artifact id: '279d085eb84e6bfc5a6666a48bb6b406') in 0.007078 seconds 
========================================================================
Received Import Request.
  Time since last request: 0.985670 seconds.
  path: Assets/#OnePotatoKingdom_FULL/Prefabs/#Planets/Frozen/Frozen_Design3.prefab
  artifactKey: Guid(ee73cbad720351640a178dff59fe2b69) Importer(815301076,1909f56bfc062723c751e8b465ee728b)
Start importing Assets/#OnePotatoKingdom_FULL/Prefabs/#Planets/Frozen/Frozen_Design3.prefab using Guid(ee73cbad720351640a178dff59fe2b69) Importer(815301076,1909f56bfc062723c751e8b465ee728b)  -> (artifact id: 'c6e6486848bed105b9da9196dbe4aea0') in 0.043290 seconds 
========================================================================
Received Import Request.
  Time since last request: 6.887709 seconds.
  path: Assets/#OnePotatoKingdom_FULL/Prefabs/#Planets/Tundra/Tundra_Design5.prefab
  artifactKey: Guid(48d94668fa63cde46a8dc3470035354a) Importer(815301076,1909f56bfc062723c751e8b465ee728b)
Start importing Assets/#OnePotatoKingdom_FULL/Prefabs/#Planets/Tundra/Tundra_Design5.prefab using Guid(48d94668fa63cde46a8dc3470035354a) Importer(815301076,1909f56bfc062723c751e8b465ee728b)  -> (artifact id: '2bbd3ef2cc3183a1553f5bc892325bbb') in 0.094274 seconds 
========================================================================
Received Import Request.
  Time since last request: 0.895390 seconds.
  path: Assets/#OnePotatoKingdom_FULL/Prefabs/#Planets/Tundra/Tundra_Design5.prefab
  artifactKey: Guid(48d94668fa63cde46a8dc3470035354a) Importer(815301076,1909f56bfc062723c751e8b465ee728b)
Start importing Assets/#OnePotatoKingdom_FULL/Prefabs/#Planets/Tundra/Tundra_Design5.prefab using Guid(48d94668fa63cde46a8dc3470035354a) Importer(815301076,1909f56bfc062723c751e8b465ee728b)  -> (artifact id: '41ed74e744cc32f2c0babd1c5747864d') in 0.029638 seconds 
========================================================================
Received Prepare
Registering precompiled user dll's ...
Registered in 0.003660 seconds.
Begin MonoManager ReloadAssembly
Symbol file LoadedFromMemory doesn't match image D:\GitHub\otasuketai-game\My project\Library\PackageCache\com.unity.visualscripting@1.7.8\Editor\VisualScripting.Core\Dependencies\YamlDotNet\Unity.VisualScripting.YamlDotNet.dll
Symbol file LoadedFromMemory doesn't match image D:\GitHub\otasuketai-game\My project\Library\PackageCache\com.unity.visualscripting@1.7.8\Editor\VisualScripting.Core\Dependencies\DotNetZip\Unity.VisualScripting.IonicZip.dll
Native extension for WindowsStandalone target not found
Native extension for iOS target not found
Native extension for OSXStandalone target not found
Native extension for WebGL target not found
Refreshing native plugins compatible for Editor in 0.79 ms, found 3 plugins.
Preloading 0 native plugins for Editor in 0.00 ms.
Mono: successfully reloaded assembly
- Completed reload, in  0.911 seconds
Domain Reload Profiling:
	ReloadAssembly (912ms)
		BeginReloadAssembly (117ms)
			ExecutionOrderSort (0ms)
			DisableScriptedObjects (5ms)
			BackupInstance (0ms)
			ReleaseScriptingObjects (0ms)
			CreateAndSetChildDomain (32ms)
		EndReloadAssembly (709ms)
			LoadAssemblies (73ms)
			RebuildTransferFunctionScriptingTraits (0ms)
			SetupTypeCache (241ms)
			ReleaseScriptCaches (1ms)
			RebuildScriptCaches (36ms)
			SetupLoadedEditorAssemblies (323ms)
				LogAssemblyErrors (0ms)
				InitializePlatformSupportModulesInManaged (34ms)
				SetLoadedEditorAssemblies (1ms)
				RefreshPlugins (1ms)
				BeforeProcessingInitializeOnLoad (58ms)
				ProcessInitializeOnLoadAttributes (193ms)
				ProcessInitializeOnLoadMethodAttributes (29ms)
				AfterProcessingInitializeOnLoad (7ms)
				EditorAssembliesLoaded (0ms)
			ExecutionOrderSort2 (0ms)
			AwakeInstancesAfterBackupRestoration (6ms)
Platform modules already initialized, skipping
Refreshing native plugins compatible for Editor in 1.50 ms, found 3 plugins.
Preloading 0 native plugins for Editor in 0.00 ms.
Unloading 3413 Unused Serialized files (Serialized files now loaded: 0)
Unloading 18 unused Assets / (24.6 KB). Loaded Objects now: 3905.
Memory consumption went from 124.8 MB to 124.8 MB.
Total: 2.849400 ms (FindLiveObjects: 0.257100 ms CreateObjectMapping: 0.304000 ms MarkObjects: 2.261200 ms  DeleteObjects: 0.026100 ms)

AssetImportParameters requested are different than current active one (requested -> active):
  custom:video-decoder-ogg-theora: a1e56fd34408186e4bbccfd4996cb3dc -> 
  custom:container-muxer-webm: aa71ff27fc2769a1b78a27578f13a17b -> 
  custom:container-demuxer-webm: 4f35f7cbe854078d1ac9338744f61a02 -> 
  custom:video-encoder-webm-vp8: eb34c28f22e8b96e1ab97ce403110664 -> 
  custom:video-codec-MediaFoundation-h265: 746d11721c4dcdbdad8f713fa42b33f4 -> 
  custom:audio-encoder-webm-vorbis: bf7c407c2cedff20999df2af8eb42d56 -> 
  custom:framework-win-MediaFoundation: 216162199b28c13a410421893ffa2e32 -> 
  custom:container-demuxer-ogg: 62fdf1f143b41e24485cea50d1cbac27 -> 
  custom:video-decoder-webm-vp8: 9c59270c3fd7afecdb556c50c9e8de78 -> 
  custom:audio-decoder-ogg-vorbis: bf7c407c2cedff20999df2af8eb42d56 -> 
========================================================================
Received Prepare
Registering precompiled user dll's ...
Registered in 0.003165 seconds.
Begin MonoManager ReloadAssembly
Symbol file LoadedFromMemory doesn't match image D:\GitHub\otasuketai-game\My project\Library\PackageCache\com.unity.visualscripting@1.7.8\Editor\VisualScripting.Core\Dependencies\YamlDotNet\Unity.VisualScripting.YamlDotNet.dll
Symbol file LoadedFromMemory doesn't match image D:\GitHub\otasuketai-game\My project\Library\PackageCache\com.unity.visualscripting@1.7.8\Editor\VisualScripting.Core\Dependencies\DotNetZip\Unity.VisualScripting.IonicZip.dll
Native extension for WindowsStandalone target not found
Native extension for iOS target not found
Native extension for OSXStandalone target not found
Native extension for WebGL target not found
Refreshing native plugins compatible for Editor in 0.59 ms, found 3 plugins.
Preloading 0 native plugins for Editor in 0.00 ms.
Mono: successfully reloaded assembly
- Completed reload, in  0.898 seconds
Domain Reload Profiling:
	ReloadAssembly (899ms)
		BeginReloadAssembly (119ms)
			ExecutionOrderSort (0ms)
			DisableScriptedObjects (5ms)
			BackupInstance (0ms)
			ReleaseScriptingObjects (0ms)
			CreateAndSetChildDomain (29ms)
		EndReloadAssembly (693ms)
			LoadAssemblies (78ms)
			RebuildTransferFunctionScriptingTraits (0ms)
			SetupTypeCache (255ms)
			ReleaseScriptCaches (1ms)
			RebuildScriptCaches (35ms)
			SetupLoadedEditorAssemblies (298ms)
				LogAssemblyErrors (0ms)
				InitializePlatformSupportModulesInManaged (38ms)
				SetLoadedEditorAssemblies (1ms)
				RefreshPlugins (1ms)
				BeforeProcessingInitializeOnLoad (60ms)
				ProcessInitializeOnLoadAttributes (168ms)
				ProcessInitializeOnLoadMethodAttributes (24ms)
				AfterProcessingInitializeOnLoad (7ms)
				EditorAssembliesLoaded (0ms)
			ExecutionOrderSort2 (0ms)
			AwakeInstancesAfterBackupRestoration (5ms)
Platform modules already initialized, skipping
Refreshing native plugins compatible for Editor in 1.34 ms, found 3 plugins.
Preloading 0 native plugins for Editor in 0.00 ms.
Unloading 3412 Unused Serialized files (Serialized files now loaded: 0)
Unloading 19 unused Assets / (24.6 KB). Loaded Objects now: 3907.
Memory consumption went from 124.8 MB to 124.8 MB.
Total: 3.674800 ms (FindLiveObjects: 0.301200 ms CreateObjectMapping: 0.327100 ms MarkObjects: 3.012400 ms  DeleteObjects: 0.033400 ms)

AssetImportParameters requested are different than current active one (requested -> active):
  custom:video-decoder-ogg-theora: a1e56fd34408186e4bbccfd4996cb3dc -> 
  custom:container-muxer-webm: aa71ff27fc2769a1b78a27578f13a17b -> 
  custom:container-demuxer-webm: 4f35f7cbe854078d1ac9338744f61a02 -> 
  custom:video-encoder-webm-vp8: eb34c28f22e8b96e1ab97ce403110664 -> 
  custom:video-codec-MediaFoundation-h265: 746d11721c4dcdbdad8f713fa42b33f4 -> 
  custom:audio-encoder-webm-vorbis: bf7c407c2cedff20999df2af8eb42d56 -> 
  custom:framework-win-MediaFoundation: 216162199b28c13a410421893ffa2e32 -> 
  custom:container-demuxer-ogg: 62fdf1f143b41e24485cea50d1cbac27 -> 
  custom:video-decoder-webm-vp8: 9c59270c3fd7afecdb556c50c9e8de78 -> 
  custom:audio-decoder-ogg-vorbis: bf7c407c2cedff20999df2af8eb42d56 -> 
========================================================================
Received Import Request.
  Time since last request: 121.096692 seconds.
  path: Assets/SkySeries Freebie/FreebieHdri/AmbienceExposure4k.hdr
  artifactKey: Guid(c9bc6cdb7a2e78b4c85ae74715b0a355) Importer(815301076,1909f56bfc062723c751e8b465ee728b)
Start importing Assets/SkySeries Freebie/FreebieHdri/AmbienceExposure4k.hdr using Guid(c9bc6cdb7a2e78b4c85ae74715b0a355) Importer(815301076,1909f56bfc062723c751e8b465ee728b)  -> (artifact id: '841841f7b452c50eaeea46b899b8734d') in 0.636336 seconds 
========================================================================
Received Import Request.
  Time since last request: 0.000021 seconds.
  path: Assets/SkySeries Freebie/FreebieHdri/CosmicCoolCloudRight.hdr
  artifactKey: Guid(438e868ac8cccca4e81873838a67c003) Importer(815301076,1909f56bfc062723c751e8b465ee728b)
Start importing Assets/SkySeries Freebie/FreebieHdri/CosmicCoolCloudRight.hdr using Guid(438e868ac8cccca4e81873838a67c003) Importer(815301076,1909f56bfc062723c751e8b465ee728b)  -> (artifact id: 'c507a571ccd6902110317ab664ed8959') in 0.014804 seconds 
========================================================================
Received Import Request.
  Time since last request: 0.000022 seconds.
  path: Assets/SkySeries Freebie/FreebieHdri/CosmicCoolCloudLeft.hdr
  artifactKey: Guid(740f96d568f4f3e40b049c40f11603e5) Importer(815301076,1909f56bfc062723c751e8b465ee728b)
Start importing Assets/SkySeries Freebie/FreebieHdri/CosmicCoolCloudLeft.hdr using Guid(740f96d568f4f3e40b049c40f11603e5) Importer(815301076,1909f56bfc062723c751e8b465ee728b)  -> (artifact id: 'f5c149b0ef8fb965bd6e88278aa637a9') in 0.014032 seconds 
========================================================================
Received Import Request.
  Time since last request: 0.000022 seconds.
  path: Assets/SkySeries Freebie/FreebieHdri/FluffballDayFront.hdr
  artifactKey: Guid(4499836ec803a0443834895abc208fba) Importer(815301076,1909f56bfc062723c751e8b465ee728b)
Start importing Assets/SkySeries Freebie/FreebieHdri/FluffballDayFront.hdr using Guid(4499836ec803a0443834895abc208fba) Importer(815301076,1909f56bfc062723c751e8b465ee728b)  -> (artifact id: '420b6e31dd8110b431c93c20a01adc69') in 0.322148 seconds 
========================================================================
Received Import Request.
  Time since last request: 0.000017 seconds.
  path: Assets/SkySeries Freebie/FreebieHdri/CoriolisNight4k.hdr
  artifactKey: Guid(354036e57ae357148aed267204ce73a7) Importer(815301076,1909f56bfc062723c751e8b465ee728b)
Start importing Assets/SkySeries Freebie/FreebieHdri/CoriolisNight4k.hdr using Guid(354036e57ae357148aed267204ce73a7) Importer(815301076,1909f56bfc062723c751e8b465ee728b)  -> (artifact id: '279b5a367504e52fef239372f12ebd47') in 0.637529 seconds 
========================================================================
Received Import Request.
  Time since last request: 0.000025 seconds.
  path: Assets/SkySeries Freebie/FreebieHdri/FluffballDayBack.hdr
  artifactKey: Guid(50762494be58d144d98d179cd6ba1470) Importer(815301076,1909f56bfc062723c751e8b465ee728b)
Start importing Assets/SkySeries Freebie/FreebieHdri/FluffballDayBack.hdr using Guid(50762494be58d144d98d179cd6ba1470) Importer(815301076,1909f56bfc062723c751e8b465ee728b)  -> (artifact id: 'f06c9d0de1f12695d4f9e8337e9a9483') in 0.411616 seconds 
========================================================================
Received Import Request.
  Time since last request: 0.000017 seconds.
  path: Assets/SkySeries Freebie/FreebieHdri/Cloudymorning4k.hdr
  artifactKey: Guid(3b5d67736d7b8ad4f8da4d58eaef0b98) Importer(815301076,1909f56bfc062723c751e8b465ee728b)
Start importing Assets/SkySeries Freebie/FreebieHdri/Cloudymorning4k.hdr using Guid(3b5d67736d7b8ad4f8da4d58eaef0b98) Importer(815301076,1909f56bfc062723c751e8b465ee728b)  -> (artifact id: '73cc975f9fb0525841e86aa9c449fb49') in 0.526503 seconds 
========================================================================
Received Import Request.
  Time since last request: 0.000034 seconds.
  path: Assets/SkySeries Freebie/FreebieHdri/FluffballDayBottom.hdr
  artifactKey: Guid(42e0664ae4c5c424ebcd980a10687e18) Importer(815301076,1909f56bfc062723c751e8b465ee728b)
Start importing Assets/SkySeries Freebie/FreebieHdri/FluffballDayBottom.hdr using Guid(42e0664ae4c5c424ebcd980a10687e18) Importer(815301076,1909f56bfc062723c751e8b465ee728b)  -> (artifact id: 'c0f31bee39060fd16b4b792cd4d776cf') in 0.044397 seconds 
========================================================================
Received Import Request.
  Time since last request: 0.000021 seconds.
  path: Assets/SkySeries Freebie/FreebieHdri/FluffballDay4k.hdr
  artifactKey: Guid(3e80b688af9b1d84ea52c5d36bb1cbbd) Importer(815301076,1909f56bfc062723c751e8b465ee728b)
Start importing Assets/SkySeries Freebie/FreebieHdri/FluffballDay4k.hdr using Guid(3e80b688af9b1d84ea52c5d36bb1cbbd) Importer(815301076,1909f56bfc062723c751e8b465ee728b)  -> (artifact id: '8d886d5357d8d9c8d82499f377ef5471') in 0.457453 seconds 
========================================================================
Received Import Request.
  Time since last request: 0.000019 seconds.
  path: Assets/SkySeries Freebie/HighFantasy.mat
  artifactKey: Guid(e2341a9d03e86ec4290c72b1e22bbc7c) Importer(815301076,1909f56bfc062723c751e8b465ee728b)
Start importing Assets/SkySeries Freebie/HighFantasy.mat using Guid(e2341a9d03e86ec4290c72b1e22bbc7c) Importer(815301076,1909f56bfc062723c751e8b465ee728b)  -> (artifact id: '4118b7be10a72b6c3d8b5ac226d0cca9') in 0.086349 seconds 
========================================================================
Received Import Request.
  Time since last request: 0.000025 seconds.
  path: Assets/SkySeries Freebie/UnderTheSea4k.mat
  artifactKey: Guid(119ec07f1c7ed204db46bd8465fd5a50) Importer(815301076,1909f56bfc062723c751e8b465ee728b)
Start importing Assets/SkySeries Freebie/UnderTheSea4k.mat using Guid(119ec07f1c7ed204db46bd8465fd5a50) Importer(815301076,1909f56bfc062723c751e8b465ee728b)  -> (artifact id: '8551c19d3bd03029e3bb3fa034eba109') in 0.365264 seconds 
========================================================================
Received Import Request.
  Time since last request: 0.000022 seconds.
  path: Assets/SkySeries Freebie/6SidedMegaSun.mat
  artifactKey: Guid(c52c5d7968fa6c9499b0b5752f899bfb) Importer(815301076,1909f56bfc062723c751e8b465ee728b)
Start importing Assets/SkySeries Freebie/6SidedMegaSun.mat using Guid(c52c5d7968fa6c9499b0b5752f899bfb) Importer(815301076,1909f56bfc062723c751e8b465ee728b)  -> (artifact id: '016b7382e81cb7a64cb9227d4947280f') in 1.105374 seconds 
========================================================================
Received Import Request.
  Time since last request: 0.000023 seconds.
  path: Assets/SkySeries Freebie/CosmicCoolCloud_Eq.mat
  artifactKey: Guid(369b9ebe3a62b904dbc19bd332b44086) Importer(815301076,1909f56bfc062723c751e8b465ee728b)
Start importing Assets/SkySeries Freebie/CosmicCoolCloud_Eq.mat using Guid(369b9ebe3a62b904dbc19bd332b44086) Importer(815301076,1909f56bfc062723c751e8b465ee728b)  -> (artifact id: 'd8333fdf209bf273ee9016fed6ce64bd') in 0.033499 seconds 
========================================================================
Received Import Request.
  Time since last request: 0.000026 seconds.
  path: Assets/SkySeries Freebie/FreebieHdri/FluffballDayRight.hdr
  artifactKey: Guid(669daa4bd63e4204dacb9aa01a164a7f) Importer(815301076,1909f56bfc062723c751e8b465ee728b)
Start importing Assets/SkySeries Freebie/FreebieHdri/FluffballDayRight.hdr using Guid(669daa4bd63e4204dacb9aa01a164a7f) Importer(815301076,1909f56bfc062723c751e8b465ee728b)  -> (artifact id: '896a8f9c547e9fd9f8296e3d8a1e2a72') in 0.010255 seconds 
========================================================================
Received Import Request.
  Time since last request: 0.000017 seconds.
  path: Assets/SkySeries Freebie/AmbienceExposure.mat
  artifactKey: Guid(72deae4d18418f94688abef8e8483df0) Importer(815301076,1909f56bfc062723c751e8b465ee728b)
Start importing Assets/SkySeries Freebie/AmbienceExposure.mat using Guid(72deae4d18418f94688abef8e8483df0) Importer(815301076,1909f56bfc062723c751e8b465ee728b)  -> (artifact id: '14570d23d1955ffb44c38614ee669e95') in 0.825492 seconds 
========================================================================
Received Import Request.
  Time since last request: 0.000025 seconds.
  path: Assets/SkySeries Freebie/MegaSun.mat
  artifactKey: Guid(cede08c9fc471e64884909cd4bbeaf59) Importer(815301076,1909f56bfc062723c751e8b465ee728b)
Start importing Assets/SkySeries Freebie/MegaSun.mat using Guid(cede08c9fc471e64884909cd4bbeaf59) Importer(815301076,1909f56bfc062723c751e8b465ee728b)  -> (artifact id: '05fff3d3b4abdf14e7021d5cacc2ad81') in 0.245899 seconds 
========================================================================
Received Import Request.
  Time since last request: 0.441030 seconds.
  path: Assets/Planets of the Solar System 3D/Geometry/Asteroids.fbx
  artifactKey: Guid(61cb025e834864d63b72bee13fbbb2a9) Importer(815301076,1909f56bfc062723c751e8b465ee728b)
Start importing Assets/Planets of the Solar System 3D/Geometry/Asteroids.fbx using Guid(61cb025e834864d63b72bee13fbbb2a9) Importer(815301076,1909f56bfc062723c751e8b465ee728b)  -> (artifact id: '4d9fee18b136372903c8a8367079afc3') in 0.089122 seconds 
========================================================================
Received Import Request.
  Time since last request: 0.597330 seconds.
  path: Assets/Planets of the Solar System 3D/Materials/Skybox.mat
  artifactKey: Guid(d51a2253cd79945d08fbe9589d8cb631) Importer(815301076,1909f56bfc062723c751e8b465ee728b)
Start importing Assets/Planets of the Solar System 3D/Materials/Skybox.mat using Guid(d51a2253cd79945d08fbe9589d8cb631) Importer(815301076,1909f56bfc062723c751e8b465ee728b)  -> (artifact id: 'df11a7d35a5d639ae5d92ed5292e577a') in 0.033381 seconds 
========================================================================
Received Import Request.
  Time since last request: 0.000020 seconds.
  path: Assets/Planets of the Solar System 3D/Materials/URP_Saturn_Lod.mat
  artifactKey: Guid(b50a4cf008d5346299340465ad3583f7) Importer(815301076,1909f56bfc062723c751e8b465ee728b)
Start importing Assets/Planets of the Solar System 3D/Materials/URP_Saturn_Lod.mat using Guid(b50a4cf008d5346299340465ad3583f7) Importer(815301076,1909f56bfc062723c751e8b465ee728b)  -> (artifact id: '783a9bc6de606273b2c9a4a32b429ee2') in 0.013408 seconds 
========================================================================
Received Import Request.
  Time since last request: 0.000014 seconds.
  path: Assets/Planets of the Solar System 3D/Materials/URP_Pluto_2k.mat
  artifactKey: Guid(89e79642fd54940e0a8465ce67a29db3) Importer(815301076,1909f56bfc062723c751e8b465ee728b)
Start importing Assets/Planets of the Solar System 3D/Materials/URP_Pluto_2k.mat using Guid(89e79642fd54940e0a8465ce67a29db3) Importer(815301076,1909f56bfc062723c751e8b465ee728b)  -> (artifact id: '1657831516dbff5471cf56b1d8e5663b') in 0.011124 seconds 
========================================================================
Received Import Request.
  Time since last request: 0.000020 seconds.
  path: Assets/Planets of the Solar System 3D/Materials/URP_Earth_Lod.mat
  artifactKey: Guid(57efe82f80f0e41ceba1f93b5c0054e4) Importer(815301076,1909f56bfc062723c751e8b465ee728b)
Start importing Assets/Planets of the Solar System 3D/Materials/URP_Earth_Lod.mat using Guid(57efe82f80f0e41ceba1f93b5c0054e4) Importer(815301076,1909f56bfc062723c751e8b465ee728b)  -> (artifact id: 'ff72cf5bb94f5d916a2a10d68f7051b6') in 0.012729 seconds 
========================================================================
Received Import Request.
  Time since last request: 0.000014 seconds.
  path: Assets/Planets of the Solar System 3D/Materials/URP_Jupiter_Lod.mat
  artifactKey: Guid(a4b2e6c4c8a36405ea80acf088c5a69f) Importer(815301076,1909f56bfc062723c751e8b465ee728b)
Start importing Assets/Planets of the Solar System 3D/Materials/URP_Jupiter_Lod.mat using Guid(a4b2e6c4c8a36405ea80acf088c5a69f) Importer(815301076,1909f56bfc062723c751e8b465ee728b)  -> (artifact id: '8797306a3847bf94d147a2f513cafa23') in 0.013058 seconds 
========================================================================
Received Import Request.
  Time since last request: 3.165045 seconds.
  path: Assets/Planets of the Solar System 3D/Prefabs/Asteroids Belt.prefab
  artifactKey: Guid(c0aedbee0212d4ba08d6e85a65854d22) Importer(815301076,1909f56bfc062723c751e8b465ee728b)
Start importing Assets/Planets of the Solar System 3D/Prefabs/Asteroids Belt.prefab using Guid(c0aedbee0212d4ba08d6e85a65854d22) Importer(815301076,1909f56bfc062723c751e8b465ee728b)  -> (artifact id: '28088923e35cd6d2c25f467396a6edfe') in 0.017749 seconds 
========================================================================
Received Import Request.
  Time since last request: 0.000015 seconds.
  path: Assets/Planets of the Solar System 3D/Prefabs/Neptune.prefab
  artifactKey: Guid(5d1442ad8c11442988e0eca5d8af73f0) Importer(815301076,1909f56bfc062723c751e8b465ee728b)
Start importing Assets/Planets of the Solar System 3D/Prefabs/Neptune.prefab using Guid(5d1442ad8c11442988e0eca5d8af73f0) Importer(815301076,1909f56bfc062723c751e8b465ee728b)  -> (artifact id: 'ede7a3cedee964097ec3ce9f5e558237') in 0.037566 seconds 
========================================================================
Received Import Request.
  Time since last request: 0.000018 seconds.
  path: Assets/Planets of the Solar System 3D/Prefabs/Nebula_00.prefab
  artifactKey: Guid(0d6eac9ae2914445e800eedd322e8b8d) Importer(815301076,1909f56bfc062723c751e8b465ee728b)
Start importing Assets/Planets of the Solar System 3D/Prefabs/Nebula_00.prefab using Guid(0d6eac9ae2914445e800eedd322e8b8d) Importer(815301076,1909f56bfc062723c751e8b465ee728b)  -> (artifact id: '210a2fe9692c5173c483e053834a037b') in 0.011608 seconds 
========================================================================
Received Import Request.
  Time since last request: 0.000019 seconds.
  path: Assets/Planets of the Solar System 3D/Prefabs/Venus.prefab
  artifactKey: Guid(835acc1a9ebe24c0fa3854c99346f9cd) Importer(815301076,1909f56bfc062723c751e8b465ee728b)
Start importing Assets/Planets of the Solar System 3D/Prefabs/Venus.prefab using Guid(835acc1a9ebe24c0fa3854c99346f9cd) Importer(815301076,1909f56bfc062723c751e8b465ee728b)  -> (artifact id: '934e8c83ecede1d0e1451622041254fa') in 0.016220 seconds 
========================================================================
Received Import Request.
  Time since last request: 0.000040 seconds.
  path: Assets/Planets of the Solar System 3D/Prefabs/Moon.prefab
  artifactKey: Guid(f9a741bb8762344c6a2a9cb4217ef728) Importer(815301076,1909f56bfc062723c751e8b465ee728b)
Start importing Assets/Planets of the Solar System 3D/Prefabs/Moon.prefab using Guid(f9a741bb8762344c6a2a9cb4217ef728) Importer(815301076,1909f56bfc062723c751e8b465ee728b)  -> (artifact id: '2ad52a7b9871467c1375515fc574612b') in 0.014609 seconds 
========================================================================
Received Import Request.
  Time since last request: 16.337561 seconds.
  path: Assets/Planets of the Solar System 3D/Materials/URP_Uranus_2k.mat
  artifactKey: Guid(7d7d4e53bd1724858a2c2e5923290ccc) Importer(815301076,1909f56bfc062723c751e8b465ee728b)
Start importing Assets/Planets of the Solar System 3D/Materials/URP_Uranus_2k.mat using Guid(7d7d4e53bd1724858a2c2e5923290ccc) Importer(815301076,1909f56bfc062723c751e8b465ee728b)  -> (artifact id: 'f57bcaa0ea060a24b3b2974df3438671') in 0.010650 seconds 
========================================================================
Received Import Request.
  Time since last request: 0.017998 seconds.
  path: Assets/Planets of the Solar System 3D/Materials/URP_Venus_2k.mat
  artifactKey: Guid(58cb1c700baee41b683c8a01e77d0619) Importer(815301076,1909f56bfc062723c751e8b465ee728b)
Start importing Assets/Planets of the Solar System 3D/Materials/URP_Venus_2k.mat using Guid(58cb1c700baee41b683c8a01e77d0619) Importer(815301076,1909f56bfc062723c751e8b465ee728b)  -> (artifact id: 'e34fa2fe5428126596517a87377dabf0') in 0.010025 seconds 
========================================================================
Received Import Request.
  Time since last request: 28.365208 seconds.
  path: Assets/Planets of the Solar System 3D/Prefabs/Earth.prefab
  artifactKey: Guid(300f80108a63f48618cb4a1c8b8c1e86) Importer(815301076,1909f56bfc062723c751e8b465ee728b)
Start importing Assets/Planets of the Solar System 3D/Prefabs/Earth.prefab using Guid(300f80108a63f48618cb4a1c8b8c1e86) Importer(815301076,1909f56bfc062723c751e8b465ee728b)  -> (artifact id: '11315fcd569cf9f6b434e0b80e99f0ab') in 0.011175 seconds 
========================================================================
Received Import Request.
  Time since last request: 39.606386 seconds.
  path: Assets/Planets of the Solar System 3D/Settings/POTSS_PostProcess_Profile.asset
  artifactKey: Guid(546232da20941864299e9478718f64af) Importer(815301076,1909f56bfc062723c751e8b465ee728b)
Start importing Assets/Planets of the Solar System 3D/Settings/POTSS_PostProcess_Profile.asset using Guid(546232da20941864299e9478718f64af) Importer(815301076,1909f56bfc062723c751e8b465ee728b)  -> (artifact id: '68454c93527896c99abd0f59fbc83682') in 0.005786 seconds 
========================================================================
Received Import Request.
  Time since last request: 0.000016 seconds.
  path: Assets/Planets of the Solar System 3D/Settings/POTSS_UniversalRP_Renderer.asset
  artifactKey: Guid(55e92ec17c92445238419d35d8900259) Importer(815301076,1909f56bfc062723c751e8b465ee728b)
Start importing Assets/Planets of the Solar System 3D/Settings/POTSS_UniversalRP_Renderer.asset using Guid(55e92ec17c92445238419d35d8900259) Importer(815301076,1909f56bfc062723c751e8b465ee728b)  -> (artifact id: '0bd5e58b02a8aad55f279f788c0161cd') in 0.004494 seconds 
========================================================================
Received Import Request.
  Time since last request: 122.575137 seconds.
  path: Assets/Planets of the Solar System 3D/Prefabs/Earth.prefab
  artifactKey: Guid(300f80108a63f48618cb4a1c8b8c1e86) Importer(815301076,1909f56bfc062723c751e8b465ee728b)
Start importing Assets/Planets of the Solar System 3D/Prefabs/Earth.prefab using Guid(300f80108a63f48618cb4a1c8b8c1e86) Importer(815301076,1909f56bfc062723c751e8b465ee728b)  -> (artifact id: '9a3f612f34e01ae7b2185845cb62785f') in 0.013454 seconds 
