Unity Editor version:    2021.3.8f1 (b30333d56e81)
Branch:                  2021.3/staging
Build type:              Release
Batch mode:              YES
macOS version:           Version 11.6.2 (Build 20G314)
Darwin version:          20.6.0
Architecture:            x86_64
Running under Rosetta:   NO
Available memory:        16384 MB
Using pre-set license
Pro License: YES

COMMAND LINE ARGUMENTS:
/Applications/Unity/Hub/Editor/2021.3.8f1/Unity.app/Contents/MacOS/Unity
-adb2
-batchMode
-noUpm
-name
AssetImportWorker8
-projectPath
/Users/takekoushin/Downloads/DownGit/otasuketai-game/My project
-logFile
Logs/AssetImportWorker8.log
-srvPort
62012
Successfully changed project path to: /Users/takekoushin/Downloads/DownGit/otasuketai-game/My project
/Users/takekoushin/Downloads/DownGit/otasuketai-game/My project
[UnityMemory] Configuration Parameters - Can be set up in boot.config
    "memorysetup-bucket-allocator-granularity=16"
    "memorysetup-bucket-allocator-bucket-count=8"
    "memorysetup-bucket-allocator-block-size=33554432"
    "memorysetup-bucket-allocator-block-count=8"
    "memorysetup-main-allocator-block-size=16777216"
    "memorysetup-thread-allocator-block-size=16777216"
    "memorysetup-gfx-main-allocator-block-size=16777216"
    "memorysetup-gfx-thread-allocator-block-size=16777216"
    "memorysetup-cache-allocator-block-size=4194304"
    "memorysetup-typetree-allocator-block-size=2097152"
    "memorysetup-profiler-bucket-allocator-granularity=16"
    "memorysetup-profiler-bucket-allocator-bucket-count=8"
    "memorysetup-profiler-bucket-allocator-block-size=33554432"
    "memorysetup-profiler-bucket-allocator-block-count=8"
    "memorysetup-profiler-allocator-block-size=16777216"
    "memorysetup-profiler-editor-allocator-block-size=1048576"
    "memorysetup-temp-allocator-size-main=16777216"
    "memorysetup-job-temp-allocator-block-size=2097152"
    "memorysetup-job-temp-allocator-block-size-background=1048576"
    "memorysetup-job-temp-allocator-reduction-small-platforms=262144"
    "memorysetup-temp-allocator-size-background-worker=32768"
    "memorysetup-temp-allocator-size-job-worker=262144"
    "memorysetup-temp-allocator-size-preload-manager=33554432"
    "memorysetup-temp-allocator-size-nav-mesh-worker=65536"
    "memorysetup-temp-allocator-size-audio-worker=65536"
    "memorysetup-temp-allocator-size-cloud-worker=32768"
    "memorysetup-temp-allocator-size-gi-baking-worker=262144"
    "memorysetup-temp-allocator-size-gfx=262144"
Refreshing native plugins compatible for Editor in 99.99 ms, found 2 plugins.
Preloading 0 native plugins for Editor in 0.00 ms.
Initialize engine version: 2021.3.8f1 (b30333d56e81)
[Subsystems] Discovering subsystems at path /Applications/Unity/Hub/Editor/2021.3.8f1/Unity.app/Contents/Resources/UnitySubsystems
[Subsystems] Discovering subsystems at path /Users/takekoushin/Downloads/DownGit/otasuketai-game/My project/Assets
GfxDevice: creating device client; threaded=0; jobified=0
Color LCD preferred device: Intel(R) UHD Graphics 630 (low power)
Metal devices available: 2
0: AMD Radeon Pro 5500M (high power)
1: Intel(R) UHD Graphics 630 (low power)
Using device AMD Radeon Pro 5500M (high power)
Initializing Metal device caps: AMD Radeon Pro 5500M
Initialize mono
Mono path[0] = '/Applications/Unity/Hub/Editor/2021.3.8f1/Unity.app/Contents/Managed'
Mono path[1] = '/Applications/Unity/Hub/Editor/2021.3.8f1/Unity.app/Contents/MonoBleedingEdge/lib/mono/unityjit-macos'
Mono config path = '/Applications/Unity/Hub/Editor/2021.3.8f1/Unity.app/Contents/MonoBleedingEdge/etc'
Using monoOptions --debugger-agent=transport=dt_socket,embedding=1,server=y,suspend=n,address=127.0.0.1:56032
Begin MonoManager ReloadAssembly
Registering precompiled unity dll's ...
Register platform support module: /Applications/Unity/Hub/Editor/2021.3.8f1/PlaybackEngines/WebGLSupport/UnityEditor.WebGL.Extensions.dll
Register platform support module: /Applications/Unity/Hub/Editor/2021.3.8f1/Unity.app/Contents/PlaybackEngines/MacStandaloneSupport/UnityEditor.OSXStandalone.Extensions.dll
Register platform support module: /Applications/Unity/Hub/Editor/2021.3.8f1/PlaybackEngines/WindowsStandaloneSupport/UnityEditor.WindowsStandalone.Extensions.dll
Registered in 0.004340 seconds.
Native extension for WindowsStandalone target not found
Native extension for OSXStandalone target not found
Native extension for WebGL target not found
Refreshing native plugins compatible for Editor in 84.72 ms, found 2 plugins.
Preloading 0 native plugins for Editor in 0.00 ms.
Mono: successfully reloaded assembly
- Completed reload, in  0.894 seconds
Domain Reload Profiling:
	ReloadAssembly (895ms)
		BeginReloadAssembly (129ms)
			ExecutionOrderSort (0ms)
			DisableScriptedObjects (0ms)
			BackupInstance (0ms)
			ReleaseScriptingObjects (0ms)
			CreateAndSetChildDomain (1ms)
		EndReloadAssembly (613ms)
			LoadAssemblies (131ms)
			RebuildTransferFunctionScriptingTraits (0ms)
			SetupTypeCache (159ms)
			ReleaseScriptCaches (0ms)
			RebuildScriptCaches (42ms)
			SetupLoadedEditorAssemblies (348ms)
				LogAssemblyErrors (0ms)
				InitializePlatformSupportModulesInManaged (10ms)
				SetLoadedEditorAssemblies (0ms)
				RefreshPlugins (85ms)
				BeforeProcessingInitializeOnLoad (1ms)
				ProcessInitializeOnLoadAttributes (185ms)
				ProcessInitializeOnLoadMethodAttributes (67ms)
				AfterProcessingInitializeOnLoad (0ms)
				EditorAssembliesLoaded (0ms)
			ExecutionOrderSort2 (0ms)
			AwakeInstancesAfterBackupRestoration (0ms)
Platform modules already initialized, skipping
Registering precompiled user dll's ...
Registered in 0.003280 seconds.
Begin MonoManager ReloadAssembly
Symbol file LoadedFromMemory doesn't match image /Users/takekoushin/Downloads/DownGit/otasuketai-game/My project/Library/PackageCache/com.unity.visualscripting@1.7.8/Editor/VisualScripting.Core/Dependencies/YamlDotNet/Unity.VisualScripting.YamlDotNet.dll
Symbol file LoadedFromMemory doesn't match image /Users/takekoushin/Downloads/DownGit/otasuketai-game/My project/Library/PackageCache/com.unity.visualscripting@1.7.8/Editor/VisualScripting.Core/Dependencies/DotNetZip/Unity.VisualScripting.IonicZip.dll
Native extension for WindowsStandalone target not found
Native extension for OSXStandalone target not found
Native extension for WebGL target not found
Refreshing native plugins compatible for Editor in 0.61 ms, found 2 plugins.
Preloading 0 native plugins for Editor in 0.00 ms.
Mono: successfully reloaded assembly
- Completed reload, in  1.326 seconds
Domain Reload Profiling:
	ReloadAssembly (1327ms)
		BeginReloadAssembly (127ms)
			ExecutionOrderSort (0ms)
			DisableScriptedObjects (8ms)
			BackupInstance (0ms)
			ReleaseScriptingObjects (0ms)
			CreateAndSetChildDomain (31ms)
		EndReloadAssembly (1051ms)
			LoadAssemblies (111ms)
			RebuildTransferFunctionScriptingTraits (0ms)
			SetupTypeCache (368ms)
			ReleaseScriptCaches (1ms)
			RebuildScriptCaches (69ms)
			SetupLoadedEditorAssemblies (445ms)
				LogAssemblyErrors (0ms)
				InitializePlatformSupportModulesInManaged (8ms)
				SetLoadedEditorAssemblies (1ms)
				RefreshPlugins (1ms)
				BeforeProcessingInitializeOnLoad (88ms)
				ProcessInitializeOnLoadAttributes (307ms)
				ProcessInitializeOnLoadMethodAttributes (39ms)
				AfterProcessingInitializeOnLoad (2ms)
				EditorAssembliesLoaded (0ms)
			ExecutionOrderSort2 (0ms)
			AwakeInstancesAfterBackupRestoration (5ms)
Platform modules already initialized, skipping
========================================================================
Worker process is ready to serve import requests
Launching external process: /Applications/Unity/Hub/Editor/2021.3.8f1/Unity.app/Contents/Tools/UnityShaderCompiler
Launched and connected shader compiler UnityShaderCompiler after 0.02 seconds
Refreshing native plugins compatible for Editor in 0.56 ms, found 2 plugins.
Preloading 0 native plugins for Editor in 0.00 ms.
Unloading 3432 Unused Serialized files (Serialized files now loaded: 0)
Unloading 25 unused Assets / (43.5 KB). Loaded Objects now: 3909.
Memory consumption went from 255.1 MB to 255.1 MB.
Total: 3.312066 ms (FindLiveObjects: 0.237481 ms CreateObjectMapping: 0.130294 ms MarkObjects: 2.842215 ms  DeleteObjects: 0.101348 ms)

AssetImportParameters requested are different than current active one (requested -> active):
  custom:video-decoder-ogg-theora: a1e56fd34408186e4bbccfd4996cb3dc -> 
  custom:container-muxer-webm: aa71ff27fc2769a1b78a27578f13a17b -> 
  custom:container-demuxer-webm: 4f35f7cbe854078d1ac9338744f61a02 -> 
  custom:video-encoder-webm-vp8: eb34c28f22e8b96e1ab97ce403110664 -> 
  custom:framework-osx-AVFoundation: e770b220cccbd017edd2c1fefb359320 -> 
  custom:audio-encoder-webm-vorbis: bf7c407c2cedff20999df2af8eb42d56 -> 
  custom:container-demuxer-ogg: 62fdf1f143b41e24485cea50d1cbac27 -> 
  custom:video-decoder-webm-vp8: 9c59270c3fd7afecdb556c50c9e8de78 -> 
  custom:audio-decoder-ogg-vorbis: bf7c407c2cedff20999df2af8eb42d56 -> 
========================================================================
Received Prepare
Registering precompiled user dll's ...
Registered in 0.002553 seconds.
Begin MonoManager ReloadAssembly
Symbol file LoadedFromMemory doesn't match image /Users/takekoushin/Downloads/DownGit/otasuketai-game/My project/Library/PackageCache/com.unity.visualscripting@1.7.8/Editor/VisualScripting.Core/Dependencies/YamlDotNet/Unity.VisualScripting.YamlDotNet.dll
Symbol file LoadedFromMemory doesn't match image /Users/takekoushin/Downloads/DownGit/otasuketai-game/My project/Library/PackageCache/com.unity.visualscripting@1.7.8/Editor/VisualScripting.Core/Dependencies/DotNetZip/Unity.VisualScripting.IonicZip.dll
Native extension for WindowsStandalone target not found
Native extension for OSXStandalone target not found
Native extension for WebGL target not found
Refreshing native plugins compatible for Editor in 0.62 ms, found 2 plugins.
Preloading 0 native plugins for Editor in 0.00 ms.
Mono: successfully reloaded assembly
- Completed reload, in  1.330 seconds
Domain Reload Profiling:
	ReloadAssembly (1331ms)
		BeginReloadAssembly (174ms)
			ExecutionOrderSort (0ms)
			DisableScriptedObjects (7ms)
			BackupInstance (0ms)
			ReleaseScriptingObjects (0ms)
			CreateAndSetChildDomain (66ms)
		EndReloadAssembly (1030ms)
			LoadAssemblies (87ms)
			RebuildTransferFunctionScriptingTraits (0ms)
			SetupTypeCache (385ms)
			ReleaseScriptCaches (1ms)
			RebuildScriptCaches (77ms)
			SetupLoadedEditorAssemblies (407ms)
				LogAssemblyErrors (0ms)
				InitializePlatformSupportModulesInManaged (13ms)
				SetLoadedEditorAssemblies (1ms)
				RefreshPlugins (1ms)
				BeforeProcessingInitializeOnLoad (67ms)
				ProcessInitializeOnLoadAttributes (285ms)
				ProcessInitializeOnLoadMethodAttributes (38ms)
				AfterProcessingInitializeOnLoad (3ms)
				EditorAssembliesLoaded (0ms)
			ExecutionOrderSort2 (0ms)
			AwakeInstancesAfterBackupRestoration (8ms)
Platform modules already initialized, skipping
Refreshing native plugins compatible for Editor in 1.70 ms, found 2 plugins.
Preloading 0 native plugins for Editor in 0.00 ms.
Unloading 3412 Unused Serialized files (Serialized files now loaded: 0)
Unloading 18 unused Assets / (22.8 KB). Loaded Objects now: 3912.
Memory consumption went from 258.6 MB to 258.6 MB.
Total: 4.845811 ms (FindLiveObjects: 0.380843 ms CreateObjectMapping: 0.425810 ms MarkObjects: 3.987296 ms  DeleteObjects: 0.050651 ms)

AssetImportParameters requested are different than current active one (requested -> active):
  custom:video-decoder-ogg-theora: a1e56fd34408186e4bbccfd4996cb3dc -> 
  custom:container-muxer-webm: aa71ff27fc2769a1b78a27578f13a17b -> 
  custom:container-demuxer-webm: 4f35f7cbe854078d1ac9338744f61a02 -> 
  custom:video-encoder-webm-vp8: eb34c28f22e8b96e1ab97ce403110664 -> 
  custom:framework-osx-AVFoundation: e770b220cccbd017edd2c1fefb359320 -> 
  custom:audio-encoder-webm-vorbis: bf7c407c2cedff20999df2af8eb42d56 -> 
  custom:container-demuxer-ogg: 62fdf1f143b41e24485cea50d1cbac27 -> 
  custom:video-decoder-webm-vp8: 9c59270c3fd7afecdb556c50c9e8de78 -> 
  custom:audio-decoder-ogg-vorbis: bf7c407c2cedff20999df2af8eb42d56 -> 
========================================================================
Received Import Request.
  Time since last request: 771305.715444 seconds.
  path: Assets/Prefabs/Plane/Plane3.prefab
  artifactKey: Guid(8d8e02ec94e82b2459903bd4d184e9e6) Importer(815301076,1909f56bfc062723c751e8b465ee728b)
Start importing Assets/Prefabs/Plane/Plane3.prefab using Guid(8d8e02ec94e82b2459903bd4d184e9e6) Importer(815301076,1909f56bfc062723c751e8b465ee728b)  -> (artifact id: '7a32a98d73e4aee827044caaece27e0e') in 0.962874 seconds 
========================================================================
Received Import Request.
  Time since last request: 12.723599 seconds.
  path: Assets/Prefabs/Plane/Plane2.prefab
  artifactKey: Guid(99b34c54e878ee843ac8e951925e5a6d) Importer(815301076,1909f56bfc062723c751e8b465ee728b)
Start importing Assets/Prefabs/Plane/Plane2.prefab using Guid(99b34c54e878ee843ac8e951925e5a6d) Importer(815301076,1909f56bfc062723c751e8b465ee728b)  -> (artifact id: '03a27c430df1d4f1ee863321ff54cb3b') in 0.032500 seconds 
========================================================================
Received Import Request.
  Time since last request: 1.159224 seconds.
  path: Assets/Prefabs/Plane/Plane2.prefab
  artifactKey: Guid(99b34c54e878ee843ac8e951925e5a6d) Importer(815301076,1909f56bfc062723c751e8b465ee728b)
Start importing Assets/Prefabs/Plane/Plane2.prefab using Guid(99b34c54e878ee843ac8e951925e5a6d) Importer(815301076,1909f56bfc062723c751e8b465ee728b)  -> (artifact id: 'd309541f45712e843bf2e6a74faa3f52') in 0.013160 seconds 
========================================================================
Received Import Request.
  Time since last request: 1.801762 seconds.
  path: Assets/Prefabs/Plane/Plane2.prefab
  artifactKey: Guid(99b34c54e878ee843ac8e951925e5a6d) Importer(815301076,1909f56bfc062723c751e8b465ee728b)
Start importing Assets/Prefabs/Plane/Plane2.prefab using Guid(99b34c54e878ee843ac8e951925e5a6d) Importer(815301076,1909f56bfc062723c751e8b465ee728b)  -> (artifact id: 'a0e6fb1904745fb74a4dd39c1d547a4b') in 0.033683 seconds 
========================================================================
Received Import Request.
  Time since last request: 1.366209 seconds.
  path: Assets/Prefabs/Plane/Plane2.prefab
  artifactKey: Guid(99b34c54e878ee843ac8e951925e5a6d) Importer(815301076,1909f56bfc062723c751e8b465ee728b)
Start importing Assets/Prefabs/Plane/Plane2.prefab using Guid(99b34c54e878ee843ac8e951925e5a6d) Importer(815301076,1909f56bfc062723c751e8b465ee728b)  -> (artifact id: '448b98680fbc272f83510e641590ad93') in 0.031744 seconds 
========================================================================
Received Import Request.
  Time since last request: 2.993370 seconds.
  path: Assets/Prefabs/Plane/Plane2.prefab
  artifactKey: Guid(99b34c54e878ee843ac8e951925e5a6d) Importer(815301076,1909f56bfc062723c751e8b465ee728b)
Start importing Assets/Prefabs/Plane/Plane2.prefab using Guid(99b34c54e878ee843ac8e951925e5a6d) Importer(815301076,1909f56bfc062723c751e8b465ee728b)  -> (artifact id: '4ee118d6612c6ae7532f0ee2f5ae39cd') in 0.034046 seconds 
========================================================================
Received Import Request.
  Time since last request: 11.016442 seconds.
  path: Assets/Prefabs/Plane/Plane2.prefab
  artifactKey: Guid(99b34c54e878ee843ac8e951925e5a6d) Importer(815301076,1909f56bfc062723c751e8b465ee728b)
Start importing Assets/Prefabs/Plane/Plane2.prefab using Guid(99b34c54e878ee843ac8e951925e5a6d) Importer(815301076,1909f56bfc062723c751e8b465ee728b)  -> (artifact id: 'be34c84b1f8c3300b69b8ac5b82bbec1') in 0.013852 seconds 
========================================================================
Received Import Request.
  Time since last request: 5.338974 seconds.
  path: Assets/Prefabs/Plane/Plane2.prefab
  artifactKey: Guid(99b34c54e878ee843ac8e951925e5a6d) Importer(815301076,1909f56bfc062723c751e8b465ee728b)
Start importing Assets/Prefabs/Plane/Plane2.prefab using Guid(99b34c54e878ee843ac8e951925e5a6d) Importer(815301076,1909f56bfc062723c751e8b465ee728b)  -> (artifact id: '823c0b75cce59d620cd394812ebe4497') in 0.011909 seconds 
========================================================================
Received Import Request.
  Time since last request: 14.382278 seconds.
  path: Assets/Prefabs/Plane/Plane1.prefab
  artifactKey: Guid(3f5490fd79757a649b6b6535a4362680) Importer(815301076,1909f56bfc062723c751e8b465ee728b)
Start importing Assets/Prefabs/Plane/Plane1.prefab using Guid(3f5490fd79757a649b6b6535a4362680) Importer(815301076,1909f56bfc062723c751e8b465ee728b)  -> (artifact id: '600f1a8972cde3d0fc218e878a4ca593') in 0.034107 seconds 
========================================================================
Received Import Request.
  Time since last request: 1.571709 seconds.
  path: Assets/Prefabs/Plane/Plane1.prefab
  artifactKey: Guid(3f5490fd79757a649b6b6535a4362680) Importer(815301076,1909f56bfc062723c751e8b465ee728b)
Start importing Assets/Prefabs/Plane/Plane1.prefab using Guid(3f5490fd79757a649b6b6535a4362680) Importer(815301076,1909f56bfc062723c751e8b465ee728b)  -> (artifact id: 'a5afdcada568ce38f01ed1574080ec24') in 0.032493 seconds 
========================================================================
Received Import Request.
  Time since last request: 3.019451 seconds.
  path: Assets/Prefabs/Plane/Plane1.prefab
  artifactKey: Guid(3f5490fd79757a649b6b6535a4362680) Importer(815301076,1909f56bfc062723c751e8b465ee728b)
Start importing Assets/Prefabs/Plane/Plane1.prefab using Guid(3f5490fd79757a649b6b6535a4362680) Importer(815301076,1909f56bfc062723c751e8b465ee728b)  -> (artifact id: '751ab900f432c492bef4f9abf60e8fed') in 0.014782 seconds 
========================================================================
Received Import Request.
  Time since last request: 1.378950 seconds.
  path: Assets/Prefabs/Plane/Plane1.prefab
  artifactKey: Guid(3f5490fd79757a649b6b6535a4362680) Importer(815301076,1909f56bfc062723c751e8b465ee728b)
Start importing Assets/Prefabs/Plane/Plane1.prefab using Guid(3f5490fd79757a649b6b6535a4362680) Importer(815301076,1909f56bfc062723c751e8b465ee728b)  -> (artifact id: '96864163bfb47101602a94611a150484') in 0.014900 seconds 
========================================================================
Received Import Request.
  Time since last request: 3.207849 seconds.
  path: Assets/Prefabs/Plane/Plane1.prefab
  artifactKey: Guid(3f5490fd79757a649b6b6535a4362680) Importer(815301076,1909f56bfc062723c751e8b465ee728b)
Start importing Assets/Prefabs/Plane/Plane1.prefab using Guid(3f5490fd79757a649b6b6535a4362680) Importer(815301076,1909f56bfc062723c751e8b465ee728b)  -> (artifact id: 'cfc569b5e1902bbbdb07c06fedb89ffb') in 0.032667 seconds 
========================================================================
Received Import Request.
  Time since last request: 4.723459 seconds.
  path: Assets/Prefabs/Plane/Plane1.prefab
  artifactKey: Guid(3f5490fd79757a649b6b6535a4362680) Importer(815301076,1909f56bfc062723c751e8b465ee728b)
Start importing Assets/Prefabs/Plane/Plane1.prefab using Guid(3f5490fd79757a649b6b6535a4362680) Importer(815301076,1909f56bfc062723c751e8b465ee728b)  -> (artifact id: '5471557e3cc14a38e6bb9f609eda48b1') in 0.020749 seconds 
========================================================================
Received Import Request.
  Time since last request: 4.111130 seconds.
  path: Assets/Prefabs/Plane/Plane1.prefab
  artifactKey: Guid(3f5490fd79757a649b6b6535a4362680) Importer(815301076,1909f56bfc062723c751e8b465ee728b)
Start importing Assets/Prefabs/Plane/Plane1.prefab using Guid(3f5490fd79757a649b6b6535a4362680) Importer(815301076,1909f56bfc062723c751e8b465ee728b)  -> (artifact id: '49327d2ffb955c47fcecc77f402cdb50') in 0.011711 seconds 
========================================================================
Received Import Request.
  Time since last request: 13.158764 seconds.
  path: Assets/Prefabs/Plane/Plane0.prefab
  artifactKey: Guid(8492d0e242a4e63479883e3c0b9afc9e) Importer(815301076,1909f56bfc062723c751e8b465ee728b)
Start importing Assets/Prefabs/Plane/Plane0.prefab using Guid(8492d0e242a4e63479883e3c0b9afc9e) Importer(815301076,1909f56bfc062723c751e8b465ee728b)  -> (artifact id: 'c16babc5c943b1544474ad8c040495da') in 0.032874 seconds 
========================================================================
Received Import Request.
  Time since last request: 1.167173 seconds.
  path: Assets/Prefabs/Plane/Plane0.prefab
  artifactKey: Guid(8492d0e242a4e63479883e3c0b9afc9e) Importer(815301076,1909f56bfc062723c751e8b465ee728b)
Start importing Assets/Prefabs/Plane/Plane0.prefab using Guid(8492d0e242a4e63479883e3c0b9afc9e) Importer(815301076,1909f56bfc062723c751e8b465ee728b)  -> (artifact id: '20678a78b88ceaed6ce96c7a03b4793d') in 0.033652 seconds 
========================================================================
Received Import Request.
  Time since last request: 2.387093 seconds.
  path: Assets/Prefabs/Plane/Plane0.prefab
  artifactKey: Guid(8492d0e242a4e63479883e3c0b9afc9e) Importer(815301076,1909f56bfc062723c751e8b465ee728b)
Start importing Assets/Prefabs/Plane/Plane0.prefab using Guid(8492d0e242a4e63479883e3c0b9afc9e) Importer(815301076,1909f56bfc062723c751e8b465ee728b)  -> (artifact id: '51a4b978a0bd6b601a65fdff25741643') in 0.034507 seconds 
========================================================================
Received Import Request.
  Time since last request: 1.158683 seconds.
  path: Assets/Prefabs/Plane/Plane0.prefab
  artifactKey: Guid(8492d0e242a4e63479883e3c0b9afc9e) Importer(815301076,1909f56bfc062723c751e8b465ee728b)
Start importing Assets/Prefabs/Plane/Plane0.prefab using Guid(8492d0e242a4e63479883e3c0b9afc9e) Importer(815301076,1909f56bfc062723c751e8b465ee728b)  -> (artifact id: '2c33495b5a52dbbc359d05b502ab98f6') in 0.033861 seconds 
========================================================================
Received Import Request.
  Time since last request: 2.598575 seconds.
  path: Assets/Prefabs/Plane/Plane0.prefab
  artifactKey: Guid(8492d0e242a4e63479883e3c0b9afc9e) Importer(815301076,1909f56bfc062723c751e8b465ee728b)
Start importing Assets/Prefabs/Plane/Plane0.prefab using Guid(8492d0e242a4e63479883e3c0b9afc9e) Importer(815301076,1909f56bfc062723c751e8b465ee728b)  -> (artifact id: 'a7aa99412fb673339c6caf55a268b0e0') in 0.033624 seconds 
========================================================================
Received Import Request.
  Time since last request: 4.005527 seconds.
  path: Assets/Prefabs/Plane/Plane0.prefab
  artifactKey: Guid(8492d0e242a4e63479883e3c0b9afc9e) Importer(815301076,1909f56bfc062723c751e8b465ee728b)
Start importing Assets/Prefabs/Plane/Plane0.prefab using Guid(8492d0e242a4e63479883e3c0b9afc9e) Importer(815301076,1909f56bfc062723c751e8b465ee728b)  -> (artifact id: '591a748260f3e8686003f0bc8ea74d57') in 0.014542 seconds 
========================================================================
Received Import Request.
  Time since last request: 4.199625 seconds.
  path: Assets/Prefabs/Plane/Plane0.prefab
  artifactKey: Guid(8492d0e242a4e63479883e3c0b9afc9e) Importer(815301076,1909f56bfc062723c751e8b465ee728b)
Start importing Assets/Prefabs/Plane/Plane0.prefab using Guid(8492d0e242a4e63479883e3c0b9afc9e) Importer(815301076,1909f56bfc062723c751e8b465ee728b)  -> (artifact id: '01e73ecae0f5f6ab431fa8a04e335bfd') in 0.012620 seconds 
========================================================================
Received Import Request.
  Time since last request: 22.632142 seconds.
  path: Assets/Prefabs/Plane/Plane4.prefab
  artifactKey: Guid(75c03be934805d94c88b735b6ec33c86) Importer(815301076,1909f56bfc062723c751e8b465ee728b)
Start importing Assets/Prefabs/Plane/Plane4.prefab using Guid(75c03be934805d94c88b735b6ec33c86) Importer(815301076,1909f56bfc062723c751e8b465ee728b)  -> (artifact id: '22b2869676309052acbf2f127b4f16d5') in 0.077059 seconds 
========================================================================
Received Import Request.
  Time since last request: 15.875619 seconds.
  path: Assets/Prefabs/Plane/Plane5.prefab
  artifactKey: Guid(eb533097961050b4299e4864788fa0de) Importer(815301076,1909f56bfc062723c751e8b465ee728b)
Start importing Assets/Prefabs/Plane/Plane5.prefab using Guid(eb533097961050b4299e4864788fa0de) Importer(815301076,1909f56bfc062723c751e8b465ee728b)  -> (artifact id: 'ec235110cb65109974c652f3ed0cc2f9') in 0.012729 seconds 
========================================================================
Received Import Request.
  Time since last request: 15.055207 seconds.
  path: Assets/Prefabs/Plane/Plane6.prefab
  artifactKey: Guid(4de6ea992105f3a4b9984b02e01f923a) Importer(815301076,1909f56bfc062723c751e8b465ee728b)
Start importing Assets/Prefabs/Plane/Plane6.prefab using Guid(4de6ea992105f3a4b9984b02e01f923a) Importer(815301076,1909f56bfc062723c751e8b465ee728b)  -> (artifact id: 'fad287bcf99d6acb19da9fa66b1c2163') in 0.015242 seconds 
========================================================================
Received Prepare
Registering precompiled user dll's ...
Registered in 0.002768 seconds.
Begin MonoManager ReloadAssembly
Symbol file LoadedFromMemory doesn't match image /Users/takekoushin/Downloads/DownGit/otasuketai-game/My project/Library/PackageCache/com.unity.visualscripting@1.7.8/Editor/VisualScripting.Core/Dependencies/YamlDotNet/Unity.VisualScripting.YamlDotNet.dll
Symbol file LoadedFromMemory doesn't match image /Users/takekoushin/Downloads/DownGit/otasuketai-game/My project/Library/PackageCache/com.unity.visualscripting@1.7.8/Editor/VisualScripting.Core/Dependencies/DotNetZip/Unity.VisualScripting.IonicZip.dll
Native extension for WindowsStandalone target not found
Native extension for OSXStandalone target not found
Native extension for WebGL target not found
Refreshing native plugins compatible for Editor in 0.72 ms, found 2 plugins.
Preloading 0 native plugins for Editor in 0.00 ms.
Mono: successfully reloaded assembly
- Completed reload, in  1.438 seconds
Domain Reload Profiling:
	ReloadAssembly (1440ms)
		BeginReloadAssembly (186ms)
			ExecutionOrderSort (0ms)
			DisableScriptedObjects (7ms)
			BackupInstance (0ms)
			ReleaseScriptingObjects (0ms)
			CreateAndSetChildDomain (83ms)
		EndReloadAssembly (1137ms)
			LoadAssemblies (77ms)
			RebuildTransferFunctionScriptingTraits (0ms)
			SetupTypeCache (417ms)
			ReleaseScriptCaches (2ms)
			RebuildScriptCaches (68ms)
			SetupLoadedEditorAssemblies (491ms)
				LogAssemblyErrors (0ms)
				InitializePlatformSupportModulesInManaged (15ms)
				SetLoadedEditorAssemblies (1ms)
				RefreshPlugins (1ms)
				BeforeProcessingInitializeOnLoad (85ms)
				ProcessInitializeOnLoadAttributes (348ms)
				ProcessInitializeOnLoadMethodAttributes (40ms)
				AfterProcessingInitializeOnLoad (2ms)
				EditorAssembliesLoaded (0ms)
			ExecutionOrderSort2 (0ms)
			AwakeInstancesAfterBackupRestoration (7ms)
Platform modules already initialized, skipping
Refreshing native plugins compatible for Editor in 2.04 ms, found 2 plugins.
Preloading 0 native plugins for Editor in 0.00 ms.
Unloading 3412 Unused Serialized files (Serialized files now loaded: 0)
Unloading 18 unused Assets / (22.0 KB). Loaded Objects now: 3923.
Memory consumption went from 267.1 MB to 267.1 MB.
Total: 4.546051 ms (FindLiveObjects: 0.329403 ms CreateObjectMapping: 0.289986 ms MarkObjects: 3.853727 ms  DeleteObjects: 0.072166 ms)

AssetImportParameters requested are different than current active one (requested -> active):
  custom:video-decoder-ogg-theora: a1e56fd34408186e4bbccfd4996cb3dc -> 
  custom:container-muxer-webm: aa71ff27fc2769a1b78a27578f13a17b -> 
  custom:container-demuxer-webm: 4f35f7cbe854078d1ac9338744f61a02 -> 
  custom:video-encoder-webm-vp8: eb34c28f22e8b96e1ab97ce403110664 -> 
  custom:framework-osx-AVFoundation: e770b220cccbd017edd2c1fefb359320 -> 
  custom:audio-encoder-webm-vorbis: bf7c407c2cedff20999df2af8eb42d56 -> 
  custom:container-demuxer-ogg: 62fdf1f143b41e24485cea50d1cbac27 -> 
  custom:video-decoder-webm-vp8: 9c59270c3fd7afecdb556c50c9e8de78 -> 
  custom:audio-decoder-ogg-vorbis: bf7c407c2cedff20999df2af8eb42d56 -> 
========================================================================
Received Import Request.
  Time since last request: 44.563462 seconds.
  path: Assets/Prefabs/Plane/Plane0.prefab
  artifactKey: Guid(8492d0e242a4e63479883e3c0b9afc9e) Importer(815301076,1909f56bfc062723c751e8b465ee728b)
Start importing Assets/Prefabs/Plane/Plane0.prefab using Guid(8492d0e242a4e63479883e3c0b9afc9e) Importer(815301076,1909f56bfc062723c751e8b465ee728b)  -> (artifact id: '5bcddb85b2cc142dfe93c79ad8a11997') in 0.100173 seconds 
========================================================================
Received Import Request.
  Time since last request: 9.117196 seconds.
  path: Assets/Prefabs/Plane/Plane1.prefab
  artifactKey: Guid(3f5490fd79757a649b6b6535a4362680) Importer(815301076,1909f56bfc062723c751e8b465ee728b)
Start importing Assets/Prefabs/Plane/Plane1.prefab using Guid(3f5490fd79757a649b6b6535a4362680) Importer(815301076,1909f56bfc062723c751e8b465ee728b)  -> (artifact id: 'fb2e99f90a7ba77b1db2bc79c8ed7eb2') in 0.019260 seconds 
========================================================================
Received Import Request.
  Time since last request: 11.036069 seconds.
  path: Assets/Prefabs/Plane/Plane2.prefab
  artifactKey: Guid(99b34c54e878ee843ac8e951925e5a6d) Importer(815301076,1909f56bfc062723c751e8b465ee728b)
Start importing Assets/Prefabs/Plane/Plane2.prefab using Guid(99b34c54e878ee843ac8e951925e5a6d) Importer(815301076,1909f56bfc062723c751e8b465ee728b)  -> (artifact id: '45b17fdc612ed13b97d5f5cecaab31d5') in 0.013177 seconds 
========================================================================
Received Import Request.
  Time since last request: 4.613127 seconds.
  path: Assets/Prefabs/Plane/Plane2.prefab
  artifactKey: Guid(99b34c54e878ee843ac8e951925e5a6d) Importer(815301076,1909f56bfc062723c751e8b465ee728b)
Start importing Assets/Prefabs/Plane/Plane2.prefab using Guid(99b34c54e878ee843ac8e951925e5a6d) Importer(815301076,1909f56bfc062723c751e8b465ee728b)  -> (artifact id: 'aaa3575b29a32c33b4f547ca0a85c672') in 0.010026 seconds 
========================================================================
Received Import Request.
  Time since last request: 11.642605 seconds.
  path: Assets/Prefabs/Plane/Plane3.prefab
  artifactKey: Guid(8d8e02ec94e82b2459903bd4d184e9e6) Importer(815301076,1909f56bfc062723c751e8b465ee728b)
Start importing Assets/Prefabs/Plane/Plane3.prefab using Guid(8d8e02ec94e82b2459903bd4d184e9e6) Importer(815301076,1909f56bfc062723c751e8b465ee728b)  -> (artifact id: '45f53695ee843e3a0ec653d4806569f0') in 0.011804 seconds 
========================================================================
Received Import Request.
  Time since last request: 6.267512 seconds.
  path: Assets/Prefabs/Plane/Plane4.prefab
  artifactKey: Guid(75c03be934805d94c88b735b6ec33c86) Importer(815301076,1909f56bfc062723c751e8b465ee728b)
Start importing Assets/Prefabs/Plane/Plane4.prefab using Guid(75c03be934805d94c88b735b6ec33c86) Importer(815301076,1909f56bfc062723c751e8b465ee728b)  -> (artifact id: 'a482d99f4f6e4a6962eb04529bdb5b8e') in 0.018842 seconds 
========================================================================
Received Prepare
Registering precompiled user dll's ...
Registered in 0.002693 seconds.
Begin MonoManager ReloadAssembly
Symbol file LoadedFromMemory doesn't match image /Users/takekoushin/Downloads/DownGit/otasuketai-game/My project/Library/PackageCache/com.unity.visualscripting@1.7.8/Editor/VisualScripting.Core/Dependencies/YamlDotNet/Unity.VisualScripting.YamlDotNet.dll
Symbol file LoadedFromMemory doesn't match image /Users/takekoushin/Downloads/DownGit/otasuketai-game/My project/Library/PackageCache/com.unity.visualscripting@1.7.8/Editor/VisualScripting.Core/Dependencies/DotNetZip/Unity.VisualScripting.IonicZip.dll
Native extension for WindowsStandalone target not found
Native extension for OSXStandalone target not found
Native extension for WebGL target not found
Refreshing native plugins compatible for Editor in 0.72 ms, found 2 plugins.
Preloading 0 native plugins for Editor in 0.00 ms.
Mono: successfully reloaded assembly
- Completed reload, in  1.426 seconds
Domain Reload Profiling:
	ReloadAssembly (1427ms)
		BeginReloadAssembly (182ms)
			ExecutionOrderSort (0ms)
			DisableScriptedObjects (8ms)
			BackupInstance (0ms)
			ReleaseScriptingObjects (0ms)
			CreateAndSetChildDomain (70ms)
		EndReloadAssembly (1130ms)
			LoadAssemblies (84ms)
			RebuildTransferFunctionScriptingTraits (0ms)
			SetupTypeCache (438ms)
			ReleaseScriptCaches (2ms)
			RebuildScriptCaches (66ms)
			SetupLoadedEditorAssemblies (469ms)
				LogAssemblyErrors (0ms)
				InitializePlatformSupportModulesInManaged (14ms)
				SetLoadedEditorAssemblies (1ms)
				RefreshPlugins (1ms)
				BeforeProcessingInitializeOnLoad (73ms)
				ProcessInitializeOnLoadAttributes (340ms)
				ProcessInitializeOnLoadMethodAttributes (38ms)
				AfterProcessingInitializeOnLoad (3ms)
				EditorAssembliesLoaded (0ms)
			ExecutionOrderSort2 (0ms)
			AwakeInstancesAfterBackupRestoration (7ms)
Platform modules already initialized, skipping
Refreshing native plugins compatible for Editor in 2.98 ms, found 2 plugins.
Preloading 0 native plugins for Editor in 0.00 ms.
Unloading 3412 Unused Serialized files (Serialized files now loaded: 0)
Unloading 18 unused Assets / (22.8 KB). Loaded Objects now: 3926.
Memory consumption went from 267.6 MB to 267.5 MB.
Total: 4.664795 ms (FindLiveObjects: 0.390134 ms CreateObjectMapping: 0.235047 ms MarkObjects: 3.988714 ms  DeleteObjects: 0.049562 ms)

AssetImportParameters requested are different than current active one (requested -> active):
  custom:video-decoder-ogg-theora: a1e56fd34408186e4bbccfd4996cb3dc -> 
  custom:container-muxer-webm: aa71ff27fc2769a1b78a27578f13a17b -> 
  custom:container-demuxer-webm: 4f35f7cbe854078d1ac9338744f61a02 -> 
  custom:video-encoder-webm-vp8: eb34c28f22e8b96e1ab97ce403110664 -> 
  custom:framework-osx-AVFoundation: e770b220cccbd017edd2c1fefb359320 -> 
  custom:audio-encoder-webm-vorbis: bf7c407c2cedff20999df2af8eb42d56 -> 
  custom:container-demuxer-ogg: 62fdf1f143b41e24485cea50d1cbac27 -> 
  custom:video-decoder-webm-vp8: 9c59270c3fd7afecdb556c50c9e8de78 -> 
  custom:audio-decoder-ogg-vorbis: bf7c407c2cedff20999df2af8eb42d56 -> 
========================================================================
Received Prepare
Registering precompiled user dll's ...
Registered in 0.002942 seconds.
Begin MonoManager ReloadAssembly
Symbol file LoadedFromMemory doesn't match image /Users/takekoushin/Downloads/DownGit/otasuketai-game/My project/Library/PackageCache/com.unity.visualscripting@1.7.8/Editor/VisualScripting.Core/Dependencies/YamlDotNet/Unity.VisualScripting.YamlDotNet.dll
Symbol file LoadedFromMemory doesn't match image /Users/takekoushin/Downloads/DownGit/otasuketai-game/My project/Library/PackageCache/com.unity.visualscripting@1.7.8/Editor/VisualScripting.Core/Dependencies/DotNetZip/Unity.VisualScripting.IonicZip.dll
Native extension for WindowsStandalone target not found
Native extension for OSXStandalone target not found
Native extension for WebGL target not found
Refreshing native plugins compatible for Editor in 0.62 ms, found 2 plugins.
Preloading 0 native plugins for Editor in 0.00 ms.
Mono: successfully reloaded assembly
- Completed reload, in  1.386 seconds
Domain Reload Profiling:
	ReloadAssembly (1387ms)
		BeginReloadAssembly (168ms)
			ExecutionOrderSort (0ms)
			DisableScriptedObjects (7ms)
			BackupInstance (0ms)
			ReleaseScriptingObjects (0ms)
			CreateAndSetChildDomain (67ms)
		EndReloadAssembly (1086ms)
			LoadAssemblies (81ms)
			RebuildTransferFunctionScriptingTraits (0ms)
			SetupTypeCache (453ms)
			ReleaseScriptCaches (1ms)
			RebuildScriptCaches (64ms)
			SetupLoadedEditorAssemblies (415ms)
				LogAssemblyErrors (0ms)
				InitializePlatformSupportModulesInManaged (14ms)
				SetLoadedEditorAssemblies (1ms)
				RefreshPlugins (1ms)
				BeforeProcessingInitializeOnLoad (79ms)
				ProcessInitializeOnLoadAttributes (282ms)
				ProcessInitializeOnLoadMethodAttributes (36ms)
				AfterProcessingInitializeOnLoad (2ms)
				EditorAssembliesLoaded (0ms)
			ExecutionOrderSort2 (0ms)
			AwakeInstancesAfterBackupRestoration (6ms)
Platform modules already initialized, skipping
Refreshing native plugins compatible for Editor in 1.51 ms, found 2 plugins.
Preloading 0 native plugins for Editor in 0.00 ms.
Unloading 3412 Unused Serialized files (Serialized files now loaded: 0)
Unloading 18 unused Assets / (22.8 KB). Loaded Objects now: 3929.
Memory consumption went from 267.9 MB to 267.8 MB.
Total: 4.215887 ms (FindLiveObjects: 0.293593 ms CreateObjectMapping: 0.428960 ms MarkObjects: 3.464924 ms  DeleteObjects: 0.027712 ms)

AssetImportParameters requested are different than current active one (requested -> active):
  custom:video-decoder-ogg-theora: a1e56fd34408186e4bbccfd4996cb3dc -> 
  custom:container-muxer-webm: aa71ff27fc2769a1b78a27578f13a17b -> 
  custom:container-demuxer-webm: 4f35f7cbe854078d1ac9338744f61a02 -> 
  custom:video-encoder-webm-vp8: eb34c28f22e8b96e1ab97ce403110664 -> 
  custom:framework-osx-AVFoundation: e770b220cccbd017edd2c1fefb359320 -> 
  custom:audio-encoder-webm-vorbis: bf7c407c2cedff20999df2af8eb42d56 -> 
  custom:container-demuxer-ogg: 62fdf1f143b41e24485cea50d1cbac27 -> 
  custom:video-decoder-webm-vp8: 9c59270c3fd7afecdb556c50c9e8de78 -> 
  custom:audio-decoder-ogg-vorbis: bf7c407c2cedff20999df2af8eb42d56 -> 
========================================================================
Received Prepare
Registering precompiled user dll's ...
Registered in 0.002968 seconds.
Begin MonoManager ReloadAssembly
Symbol file LoadedFromMemory doesn't match image /Users/takekoushin/Downloads/DownGit/otasuketai-game/My project/Library/PackageCache/com.unity.visualscripting@1.7.8/Editor/VisualScripting.Core/Dependencies/YamlDotNet/Unity.VisualScripting.YamlDotNet.dll
Symbol file LoadedFromMemory doesn't match image /Users/takekoushin/Downloads/DownGit/otasuketai-game/My project/Library/PackageCache/com.unity.visualscripting@1.7.8/Editor/VisualScripting.Core/Dependencies/DotNetZip/Unity.VisualScripting.IonicZip.dll
Native extension for WindowsStandalone target not found
Native extension for OSXStandalone target not found
Native extension for WebGL target not found
Refreshing native plugins compatible for Editor in 1.09 ms, found 2 plugins.
Preloading 0 native plugins for Editor in 0.00 ms.
Mono: successfully reloaded assembly
- Completed reload, in  2.068 seconds
Domain Reload Profiling:
	ReloadAssembly (2070ms)
		BeginReloadAssembly (424ms)
			ExecutionOrderSort (0ms)
			DisableScriptedObjects (13ms)
			BackupInstance (0ms)
			ReleaseScriptingObjects (0ms)
			CreateAndSetChildDomain (207ms)
		EndReloadAssembly (1466ms)
			LoadAssemblies (165ms)
			RebuildTransferFunctionScriptingTraits (0ms)
			SetupTypeCache (641ms)
			ReleaseScriptCaches (2ms)
			RebuildScriptCaches (103ms)
			SetupLoadedEditorAssemblies (501ms)
				LogAssemblyErrors (0ms)
				InitializePlatformSupportModulesInManaged (23ms)
				SetLoadedEditorAssemblies (1ms)
				RefreshPlugins (1ms)
				BeforeProcessingInitializeOnLoad (87ms)
				ProcessInitializeOnLoadAttributes (343ms)
				ProcessInitializeOnLoadMethodAttributes (44ms)
				AfterProcessingInitializeOnLoad (2ms)
				EditorAssembliesLoaded (0ms)
			ExecutionOrderSort2 (0ms)
			AwakeInstancesAfterBackupRestoration (5ms)
Platform modules already initialized, skipping
Refreshing native plugins compatible for Editor in 1.57 ms, found 2 plugins.
Preloading 0 native plugins for Editor in 0.00 ms.
Unloading 3412 Unused Serialized files (Serialized files now loaded: 0)
Unloading 18 unused Assets / (21.9 KB). Loaded Objects now: 3932.
Memory consumption went from 268.6 MB to 268.6 MB.
Total: 7.631494 ms (FindLiveObjects: 0.308009 ms CreateObjectMapping: 0.314189 ms MarkObjects: 4.073154 ms  DeleteObjects: 2.935187 ms)

AssetImportParameters requested are different than current active one (requested -> active):
  custom:video-decoder-ogg-theora: a1e56fd34408186e4bbccfd4996cb3dc -> 
  custom:container-muxer-webm: aa71ff27fc2769a1b78a27578f13a17b -> 
  custom:container-demuxer-webm: 4f35f7cbe854078d1ac9338744f61a02 -> 
  custom:video-encoder-webm-vp8: eb34c28f22e8b96e1ab97ce403110664 -> 
  custom:framework-osx-AVFoundation: e770b220cccbd017edd2c1fefb359320 -> 
  custom:audio-encoder-webm-vorbis: bf7c407c2cedff20999df2af8eb42d56 -> 
  custom:container-demuxer-ogg: 62fdf1f143b41e24485cea50d1cbac27 -> 
  custom:video-decoder-webm-vp8: 9c59270c3fd7afecdb556c50c9e8de78 -> 
  custom:audio-decoder-ogg-vorbis: bf7c407c2cedff20999df2af8eb42d56 -> 
